2023-12-05 21:12:06,863 Two player mode
2023-12-05 21:12:06,865 Step 1: X take the turn
2023-12-05 21:12:06,866 Renew the board: 
-------
| | | |
-------
| | | |
-------
| | |X|
-------

2023-12-05 21:12:06,866 Starting point: [2, 2]
2023-12-05 21:12:06,866 Step 2: O take the turn
2023-12-05 21:12:06,866 Renew the board: 
-------
| |O| |
-------
| | | |
-------
| | |X|
-------

2023-12-05 21:12:06,866 Step 3: X take the turn
2023-12-05 21:12:06,866 Renew the board: 
-------
| |O| |
-------
|X| | |
-------
| | |X|
-------

2023-12-05 21:12:06,866 Step 4: O take the turn
2023-12-05 21:12:06,866 Renew the board: 
-------
|O|O| |
-------
|X| | |
-------
| | |X|
-------

2023-12-05 21:12:06,867 Step 5: X take the turn
2023-12-05 21:12:06,867 Renew the board: 
-------
|O|O| |
-------
|X| | |
-------
| |X|X|
-------

2023-12-05 21:12:06,867 Step 6: O take the turn
2023-12-05 21:12:06,867 Renew the board: 
-------
|O|O| |
-------
|X| |O|
-------
| |X|X|
-------

2023-12-05 21:12:06,867 Step 7: X take the turn
2023-12-05 21:12:06,867 Renew the board: 
-------
|O|O|X|
-------
|X| |O|
-------
| |X|X|
-------

2023-12-05 21:12:06,867 Step 8: O take the turn
2023-12-05 21:12:06,867 Renew the board: 
-------
|O|O|X|
-------
|X|O|O|
-------
| |X|X|
-------

2023-12-05 21:12:06,867 Step 9: X take the turn
2023-12-05 21:12:06,867 Renew the board: 
-------
|O|O|X|
-------
|X|O|O|
-------
|X|X|X|
-------

2023-12-05 21:12:06,884 The winner is: X
