2023-12-05 21:10:35,502 Two player mode
2023-12-05 21:10:35,504 Step 1: X take the turn
2023-12-05 21:10:35,505 Renew the board: 
-------
| | |X|
-------
| | | |
-------
| | | |
-------

2023-12-05 21:10:35,505 Starting point: [0, 2]
2023-12-05 21:10:35,505 Step 2: O take the turn
2023-12-05 21:10:35,506 Renew the board: 
-------
| | |X|
-------
| | |O|
-------
| | | |
-------

2023-12-05 21:10:35,506 Step 3: X take the turn
2023-12-05 21:10:35,506 Renew the board: 
-------
|X| |X|
-------
| | |O|
-------
| | | |
-------

2023-12-05 21:10:35,506 Step 4: O take the turn
2023-12-05 21:10:35,506 Renew the board: 
-------
|X| |X|
-------
|O| |O|
-------
| | | |
-------

2023-12-05 21:10:35,507 Step 5: X take the turn
2023-12-05 21:10:35,507 Renew the board: 
-------
|X| |X|
-------
|O| |O|
-------
| | |X|
-------

2023-12-05 21:10:35,508 Step 6: O take the turn
2023-12-05 21:10:35,508 Renew the board: 
-------
|X|O|X|
-------
|O| |O|
-------
| | |X|
-------

2023-12-05 21:10:35,508 Step 7: X take the turn
2023-12-05 21:10:35,508 Renew the board: 
-------
|X|O|X|
-------
|O|X|O|
-------
| | |X|
-------

2023-12-05 21:10:35,522 The winner is: X
