2023-12-05 21:13:50,937 Two player mode
2023-12-05 21:13:50,939 Step 1: X take the turn
2023-12-05 21:13:50,941 Renew the board: 
-------
| | | |
-------
| |X| |
-------
| | | |
-------

2023-12-05 21:13:50,941 Starting point: [1, 1]
2023-12-05 21:13:50,941 Step 2: O take the turn
2023-12-05 21:13:50,941 Renew the board: 
-------
| | | |
-------
| |X|O|
-------
| | | |
-------

2023-12-05 21:13:50,941 Step 3: X take the turn
2023-12-05 21:13:50,942 Renew the board: 
-------
| |X| |
-------
| |X|O|
-------
| | | |
-------

2023-12-05 21:13:50,942 Step 4: O take the turn
2023-12-05 21:13:50,942 Renew the board: 
-------
| |X| |
-------
| |X|O|
-------
| |O| |
-------

2023-12-05 21:13:50,942 Step 5: X take the turn
2023-12-05 21:13:50,942 Renew the board: 
-------
| |X| |
-------
|X|X|O|
-------
| |O| |
-------

2023-12-05 21:13:50,942 Step 6: O take the turn
2023-12-05 21:13:50,943 Renew the board: 
-------
| |X| |
-------
|X|X|O|
-------
| |O|O|
-------

2023-12-05 21:13:50,943 Step 7: X take the turn
2023-12-05 21:13:50,943 Renew the board: 
-------
| |X|X|
-------
|X|X|O|
-------
| |O|O|
-------

2023-12-05 21:13:50,943 Step 8: O take the turn
2023-12-05 21:13:50,943 Renew the board: 
-------
|O|X|X|
-------
|X|X|O|
-------
| |O|O|
-------

2023-12-05 21:13:50,943 Step 9: X take the turn
2023-12-05 21:13:50,943 Renew the board: 
-------
|O|X|X|
-------
|X|X|O|
-------
|X|O|O|
-------

2023-12-05 21:13:50,959 The winner is: X
