2023-11-27 13:54:27,663 Two player mode
2023-11-27 13:54:27,666 Step 1: X take the turn
2023-11-27 13:54:27,668 Renew the board: 
-------
| | | |
-------
| | | |
-------
|X| | |
-------

2023-11-27 13:54:27,668 Step 2: O take the turn
2023-11-27 13:54:27,668 Renew the board: 
-------
| | | |
-------
| | | |
-------
|X| |O|
-------

2023-11-27 13:54:27,668 Step 3: X take the turn
2023-11-27 13:54:27,668 Renew the board: 
-------
| | | |
-------
| |X| |
-------
|X| |O|
-------

2023-11-27 13:54:27,669 Step 4: O take the turn
2023-11-27 13:54:27,669 Renew the board: 
-------
|O| | |
-------
| |X| |
-------
|X| |O|
-------

2023-11-27 13:54:27,669 Step 5: X take the turn
2023-11-27 13:54:27,670 Renew the board: 
-------
|O| | |
-------
| |X|X|
-------
|X| |O|
-------

2023-11-27 13:54:27,670 Step 6: O take the turn
2023-11-27 13:54:27,670 Renew the board: 
-------
|O|O| |
-------
| |X|X|
-------
|X| |O|
-------

2023-11-27 13:54:27,670 Step 7: X take the turn
2023-11-27 13:54:27,670 Renew the board: 
-------
|O|O| |
-------
|X|X|X|
-------
|X| |O|
-------

2023-11-27 13:54:27,671 The winner is: X
