2023-11-27 13:54:19,987 Two player mode
2023-11-27 13:54:19,989 Step 1: X take the turn
2023-11-27 13:54:19,990 Renew the board: 
-------
| | | |
-------
| |X| |
-------
| | | |
-------

2023-11-27 13:54:19,990 Step 2: O take the turn
2023-11-27 13:54:19,991 Renew the board: 
-------
| |O| |
-------
| |X| |
-------
| | | |
-------

2023-11-27 13:54:19,991 Step 3: X take the turn
2023-11-27 13:54:19,991 Renew the board: 
-------
| |O| |
-------
| |X| |
-------
| |X| |
-------

2023-11-27 13:54:19,991 Step 4: O take the turn
2023-11-27 13:54:19,991 Renew the board: 
-------
| |O| |
-------
| |X| |
-------
| |X|O|
-------

2023-11-27 13:54:19,991 Step 5: X take the turn
2023-11-27 13:54:19,991 Renew the board: 
-------
| |O| |
-------
| |X|X|
-------
| |X|O|
-------

2023-11-27 13:54:19,991 Step 6: O take the turn
2023-11-27 13:54:19,991 Renew the board: 
-------
| |O|O|
-------
| |X|X|
-------
| |X|O|
-------

2023-11-27 13:54:19,991 Step 7: X take the turn
2023-11-27 13:54:19,992 Renew the board: 
-------
| |O|O|
-------
|X|X|X|
-------
| |X|O|
-------

2023-11-27 13:54:19,993 The winner is: X
