2023-11-27 13:57:08,672 Two player mode
2023-11-27 13:57:08,675 Step 1: X take the turn
2023-11-27 13:57:08,676 Renew the board: 
-------
| | | |
-------
|X| | |
-------
| | | |
-------

2023-11-27 13:57:08,676 Step 2: O take the turn
2023-11-27 13:57:08,677 Renew the board: 
-------
| | | |
-------
|X| | |
-------
|O| | |
-------

2023-11-27 13:57:08,677 Step 3: X take the turn
2023-11-27 13:57:08,677 Renew the board: 
-------
| | | |
-------
|X|X| |
-------
|O| | |
-------

2023-11-27 13:57:08,677 Step 4: O take the turn
2023-11-27 13:57:08,677 Renew the board: 
-------
|O| | |
-------
|X|X| |
-------
|O| | |
-------

2023-11-27 13:57:08,677 Step 5: X take the turn
2023-11-27 13:57:08,677 Renew the board: 
-------
|O| | |
-------
|X|X|X|
-------
|O| | |
-------

2023-11-27 13:57:08,681 The winner is: X
