2023-12-05 21:04:30,543 Two player mode
2023-12-05 21:04:30,547 Step 1: X take the turn
2023-12-05 21:04:30,547 Renew the board: 
-------
| |X| |
-------
| | | |
-------
| | | |
-------

2023-12-05 21:04:30,547 Starting point: [0, 1]
2023-12-05 21:04:30,547 Step 2: O take the turn
2023-12-05 21:04:30,548 Renew the board: 
-------
| |X| |
-------
| | |O|
-------
| | | |
-------

2023-12-05 21:04:30,548 Step 3: X take the turn
2023-12-05 21:04:30,548 Renew the board: 
-------
| |X| |
-------
| | |O|
-------
|X| | |
-------

2023-12-05 21:04:30,548 Step 4: O take the turn
2023-12-05 21:04:30,549 Renew the board: 
-------
| |X| |
-------
|O| |O|
-------
|X| | |
-------

2023-12-05 21:04:30,549 Step 5: X take the turn
2023-12-05 21:04:30,549 Renew the board: 
-------
| |X| |
-------
|O|X|O|
-------
|X| | |
-------

2023-12-05 21:04:30,549 Step 6: O take the turn
2023-12-05 21:04:30,549 Renew the board: 
-------
| |X| |
-------
|O|X|O|
-------
|X|O| |
-------

2023-12-05 21:04:30,549 Step 7: X take the turn
2023-12-05 21:04:30,549 Renew the board: 
-------
| |X| |
-------
|O|X|O|
-------
|X|O|X|
-------

2023-12-05 21:04:30,550 Step 8: O take the turn
2023-12-05 21:04:30,550 Renew the board: 
-------
|O|X| |
-------
|O|X|O|
-------
|X|O|X|
-------

2023-12-05 21:04:30,550 Step 9: X take the turn
2023-12-05 21:04:30,550 Renew the board: 
-------
|O|X|X|
-------
|O|X|O|
-------
|X|O|X|
-------

2023-12-05 21:04:30,577 The winner is: X
