2023-12-05 21:10:28,511 Two player mode
2023-12-05 21:10:28,513 Step 1: X take the turn
2023-12-05 21:10:28,513 Renew the board: 
-------
| | | |
-------
| | | |
-------
| | |X|
-------

2023-12-05 21:10:28,514 Starting point: [2, 2]
2023-12-05 21:10:28,514 Step 2: O take the turn
2023-12-05 21:10:28,514 Renew the board: 
-------
| | | |
-------
| | | |
-------
| |O|X|
-------

2023-12-05 21:10:28,514 Step 3: X take the turn
2023-12-05 21:10:28,515 Renew the board: 
-------
| | |X|
-------
| | | |
-------
| |O|X|
-------

2023-12-05 21:10:28,515 Step 4: O take the turn
2023-12-05 21:10:28,515 Renew the board: 
-------
| | |X|
-------
| |O| |
-------
| |O|X|
-------

2023-12-05 21:10:28,515 Step 5: X take the turn
2023-12-05 21:10:28,515 Renew the board: 
-------
| |X|X|
-------
| |O| |
-------
| |O|X|
-------

2023-12-05 21:10:28,515 Step 6: O take the turn
2023-12-05 21:10:28,516 Renew the board: 
-------
| |X|X|
-------
| |O| |
-------
|O|O|X|
-------

2023-12-05 21:10:28,516 Step 7: X take the turn
2023-12-05 21:10:28,516 Renew the board: 
-------
|X|X|X|
-------
| |O| |
-------
|O|O|X|
-------

2023-12-05 21:10:28,530 The winner is: X
