2023-12-05 21:13:27,470 Two player mode
2023-12-05 21:13:27,472 Step 1: X take the turn
2023-12-05 21:13:27,472 Renew the board: 
-------
| | | |
-------
|X| | |
-------
| | | |
-------

2023-12-05 21:13:27,472 Starting point: [1, 0]
2023-12-05 21:13:27,472 Step 2: O take the turn
2023-12-05 21:13:27,472 Renew the board: 
-------
| | | |
-------
|X| |O|
-------
| | | |
-------

2023-12-05 21:13:27,472 Step 3: X take the turn
2023-12-05 21:13:27,473 Renew the board: 
-------
| | |X|
-------
|X| |O|
-------
| | | |
-------

2023-12-05 21:13:27,473 Step 4: O take the turn
2023-12-05 21:13:27,473 Renew the board: 
-------
|O| |X|
-------
|X| |O|
-------
| | | |
-------

2023-12-05 21:13:27,473 Step 5: X take the turn
2023-12-05 21:13:27,473 Renew the board: 
-------
|O| |X|
-------
|X|X|O|
-------
| | | |
-------

2023-12-05 21:13:27,473 Step 6: O take the turn
2023-12-05 21:13:27,473 Renew the board: 
-------
|O|O|X|
-------
|X|X|O|
-------
| | | |
-------

2023-12-05 21:13:27,473 Step 7: X take the turn
2023-12-05 21:13:27,473 Renew the board: 
-------
|O|O|X|
-------
|X|X|O|
-------
| | |X|
-------

2023-12-05 21:13:27,473 Step 8: O take the turn
2023-12-05 21:13:27,473 Renew the board: 
-------
|O|O|X|
-------
|X|X|O|
-------
| |O|X|
-------

2023-12-05 21:13:27,473 Step 9: X take the turn
2023-12-05 21:13:27,473 Renew the board: 
-------
|O|O|X|
-------
|X|X|O|
-------
|X|O|X|
-------

2023-12-05 21:13:27,487 The winner is: X
