2023-12-05 21:19:38,765 Two player mode
2023-12-05 21:19:38,769 Step 1: X take the turn
2023-12-05 21:19:38,770 Renew the board: 
-------
| |X| |
-------
| | | |
-------
| | | |
-------

2023-12-05 21:19:38,770 Starting point: [0, 1]
2023-12-05 21:19:38,771 Step 2: O take the turn
2023-12-05 21:19:38,771 Renew the board: 
-------
| |X| |
-------
| | | |
-------
|O| | |
-------

2023-12-05 21:19:38,771 Step 3: X take the turn
2023-12-05 21:19:38,771 Renew the board: 
-------
| |X| |
-------
| |X| |
-------
|O| | |
-------

2023-12-05 21:19:38,771 Step 4: O take the turn
2023-12-05 21:19:38,771 Renew the board: 
-------
|O|X| |
-------
| |X| |
-------
|O| | |
-------

2023-12-05 21:19:38,771 Step 5: X take the turn
2023-12-05 21:19:38,771 Renew the board: 
-------
|O|X| |
-------
| |X|X|
-------
|O| | |
-------

2023-12-05 21:19:38,771 Step 6: O take the turn
2023-12-05 21:19:38,772 Renew the board: 
-------
|O|X|O|
-------
| |X|X|
-------
|O| | |
-------

2023-12-05 21:19:38,772 Step 7: X take the turn
2023-12-05 21:19:38,772 Renew the board: 
-------
|O|X|O|
-------
| |X|X|
-------
|O| |X|
-------

2023-12-05 21:19:38,772 Step 8: O take the turn
2023-12-05 21:19:38,773 Renew the board: 
-------
|O|X|O|
-------
| |X|X|
-------
|O|O|X|
-------

2023-12-05 21:19:38,773 Step 9: X take the turn
2023-12-05 21:19:38,773 Renew the board: 
-------
|O|X|O|
-------
|X|X|X|
-------
|O|O|X|
-------

2023-12-05 21:19:38,788 The winner is: X
