2023-12-05 21:13:34,211 Two player mode
2023-12-05 21:13:34,212 Step 1: X take the turn
2023-12-05 21:13:34,213 Renew the board: 
-------
| | | |
-------
| | | |
-------
|X| | |
-------

2023-12-05 21:13:34,213 Starting point: [2, 0]
2023-12-05 21:13:34,213 Step 2: O take the turn
2023-12-05 21:13:34,214 Renew the board: 
-------
| |O| |
-------
| | | |
-------
|X| | |
-------

2023-12-05 21:13:34,214 Step 3: X take the turn
2023-12-05 21:13:34,214 Renew the board: 
-------
|X|O| |
-------
| | | |
-------
|X| | |
-------

2023-12-05 21:13:34,214 Step 4: O take the turn
2023-12-05 21:13:34,214 Renew the board: 
-------
|X|O| |
-------
|O| | |
-------
|X| | |
-------

2023-12-05 21:13:34,215 Step 5: X take the turn
2023-12-05 21:13:34,215 Renew the board: 
-------
|X|O| |
-------
|O|X| |
-------
|X| | |
-------

2023-12-05 21:13:34,215 Step 6: O take the turn
2023-12-05 21:13:34,215 Renew the board: 
-------
|X|O|O|
-------
|O|X| |
-------
|X| | |
-------

2023-12-05 21:13:34,215 Step 7: X take the turn
2023-12-05 21:13:34,215 Renew the board: 
-------
|X|O|O|
-------
|O|X| |
-------
|X| |X|
-------

2023-12-05 21:13:34,243 The winner is: X
