2023-12-05 21:11:44,130 Two player mode
2023-12-05 21:11:44,133 Step 1: X take the turn
2023-12-05 21:11:44,133 Renew the board: 
-------
| | | |
-------
| | | |
-------
| | |X|
-------

2023-12-05 21:11:44,133 Starting point: [2, 2]
2023-12-05 21:11:44,134 Step 2: O take the turn
2023-12-05 21:11:44,134 Renew the board: 
-------
| | |O|
-------
| | | |
-------
| | |X|
-------

2023-12-05 21:11:44,134 Step 3: X take the turn
2023-12-05 21:11:44,134 Renew the board: 
-------
| | |O|
-------
|X| | |
-------
| | |X|
-------

2023-12-05 21:11:44,134 Step 4: O take the turn
2023-12-05 21:11:44,135 Renew the board: 
-------
| | |O|
-------
|X|O| |
-------
| | |X|
-------

2023-12-05 21:11:44,135 Step 5: X take the turn
2023-12-05 21:11:44,135 Renew the board: 
-------
| | |O|
-------
|X|O| |
-------
|X| |X|
-------

2023-12-05 21:11:44,135 Step 6: O take the turn
2023-12-05 21:11:44,135 Renew the board: 
-------
| |O|O|
-------
|X|O| |
-------
|X| |X|
-------

2023-12-05 21:11:44,135 Step 7: X take the turn
2023-12-05 21:11:44,135 Renew the board: 
-------
|X|O|O|
-------
|X|O| |
-------
|X| |X|
-------

2023-12-05 21:11:44,151 The winner is: X
