2023-11-27 13:57:03,629 Two player mode
2023-11-27 13:57:03,632 Step 1: X take the turn
2023-11-27 13:57:03,634 Renew the board: 
-------
| |X| |
-------
| | | |
-------
| | | |
-------

2023-11-27 13:57:03,634 Step 2: O take the turn
2023-11-27 13:57:03,634 Renew the board: 
-------
| |X| |
-------
| | | |
-------
| |O| |
-------

2023-11-27 13:57:03,634 Step 3: X take the turn
2023-11-27 13:57:03,634 Renew the board: 
-------
| |X| |
-------
| | | |
-------
| |O|X|
-------

2023-11-27 13:57:03,635 Step 4: O take the turn
2023-11-27 13:57:03,635 Renew the board: 
-------
| |X| |
-------
| | |O|
-------
| |O|X|
-------

2023-11-27 13:57:03,635 Step 5: X take the turn
2023-11-27 13:57:03,635 Renew the board: 
-------
| |X| |
-------
| |X|O|
-------
| |O|X|
-------

2023-11-27 13:57:03,635 Step 6: O take the turn
2023-11-27 13:57:03,635 Renew the board: 
-------
|O|X| |
-------
| |X|O|
-------
| |O|X|
-------

2023-11-27 13:57:03,635 Step 7: X take the turn
2023-11-27 13:57:03,635 Renew the board: 
-------
|O|X|X|
-------
| |X|O|
-------
| |O|X|
-------

2023-11-27 13:57:03,635 Step 8: O take the turn
2023-11-27 13:57:03,635 Renew the board: 
-------
|O|X|X|
-------
| |X|O|
-------
|O|O|X|
-------

2023-11-27 13:57:03,635 Step 9: X take the turn
2023-11-27 13:57:03,636 Renew the board: 
-------
|O|X|X|
-------
|X|X|O|
-------
|O|O|X|
-------

2023-11-27 13:57:03,641 Draw!
