2023-11-27 13:54:32,480 Two player mode
2023-11-27 13:54:32,482 Step 1: X take the turn
2023-11-27 13:54:32,483 Renew the board: 
-------
| | | |
-------
|X| | |
-------
| | | |
-------

2023-11-27 13:54:32,483 Step 2: O take the turn
2023-11-27 13:54:32,483 Renew the board: 
-------
| | |O|
-------
|X| | |
-------
| | | |
-------

2023-11-27 13:54:32,484 Step 3: X take the turn
2023-11-27 13:54:32,484 Renew the board: 
-------
| | |O|
-------
|X|X| |
-------
| | | |
-------

2023-11-27 13:54:32,484 Step 4: O take the turn
2023-11-27 13:54:32,484 Renew the board: 
-------
|O| |O|
-------
|X|X| |
-------
| | | |
-------

2023-11-27 13:54:32,484 Step 5: X take the turn
2023-11-27 13:54:32,484 Renew the board: 
-------
|O|X|O|
-------
|X|X| |
-------
| | | |
-------

2023-11-27 13:54:32,484 Step 6: O take the turn
2023-11-27 13:54:32,484 Renew the board: 
-------
|O|X|O|
-------
|X|X| |
-------
| |O| |
-------

2023-11-27 13:54:32,484 Step 7: X take the turn
2023-11-27 13:54:32,484 Renew the board: 
-------
|O|X|O|
-------
|X|X|X|
-------
| |O| |
-------

2023-11-27 13:54:32,486 The winner is: X
