2023-12-05 21:13:54,136 Two player mode
2023-12-05 21:13:54,138 Step 1: X take the turn
2023-12-05 21:13:54,138 Renew the board: 
-------
| | | |
-------
| | | |
-------
|X| | |
-------

2023-12-05 21:13:54,138 Starting point: [2, 0]
2023-12-05 21:13:54,138 Step 2: O take the turn
2023-12-05 21:13:54,139 Renew the board: 
-------
| | | |
-------
| |O| |
-------
|X| | |
-------

2023-12-05 21:13:54,139 Step 3: X take the turn
2023-12-05 21:13:54,140 Renew the board: 
-------
| | | |
-------
| |O|X|
-------
|X| | |
-------

2023-12-05 21:13:54,140 Step 4: O take the turn
2023-12-05 21:13:54,140 Renew the board: 
-------
| | | |
-------
| |O|X|
-------
|X|O| |
-------

2023-12-05 21:13:54,140 Step 5: X take the turn
2023-12-05 21:13:54,140 Renew the board: 
-------
|X| | |
-------
| |O|X|
-------
|X|O| |
-------

2023-12-05 21:13:54,140 Step 6: O take the turn
2023-12-05 21:13:54,140 Renew the board: 
-------
|X| | |
-------
|O|O|X|
-------
|X|O| |
-------

2023-12-05 21:13:54,142 Step 7: X take the turn
2023-12-05 21:13:54,142 Renew the board: 
-------
|X| | |
-------
|O|O|X|
-------
|X|O|X|
-------

2023-12-05 21:13:54,142 Step 8: O take the turn
2023-12-05 21:13:54,142 Renew the board: 
-------
|X|O| |
-------
|O|O|X|
-------
|X|O|X|
-------

2023-12-05 21:13:54,162 The winner is: O
