2023-12-05 21:12:57,862 Two player mode
2023-12-05 21:12:57,864 Step 1: X take the turn
2023-12-05 21:12:57,865 Renew the board: 
-------
| | | |
-------
| | | |
-------
| |X| |
-------

2023-12-05 21:12:57,865 Starting point: [2, 1]
2023-12-05 21:12:57,865 Step 2: O take the turn
2023-12-05 21:12:57,866 Renew the board: 
-------
| | | |
-------
| | | |
-------
| |X|O|
-------

2023-12-05 21:12:57,866 Step 3: X take the turn
2023-12-05 21:12:57,866 Renew the board: 
-------
| |X| |
-------
| | | |
-------
| |X|O|
-------

2023-12-05 21:12:57,867 Step 4: O take the turn
2023-12-05 21:12:57,867 Renew the board: 
-------
| |X| |
-------
| | | |
-------
|O|X|O|
-------

2023-12-05 21:12:57,867 Step 5: X take the turn
2023-12-05 21:12:57,867 Renew the board: 
-------
| |X| |
-------
|X| | |
-------
|O|X|O|
-------

2023-12-05 21:12:57,867 Step 6: O take the turn
2023-12-05 21:12:57,867 Renew the board: 
-------
| |X| |
-------
|X|O| |
-------
|O|X|O|
-------

2023-12-05 21:12:57,867 Step 7: X take the turn
2023-12-05 21:12:57,867 Renew the board: 
-------
|X|X| |
-------
|X|O| |
-------
|O|X|O|
-------

2023-12-05 21:12:57,867 Step 8: O take the turn
2023-12-05 21:12:57,867 Renew the board: 
-------
|X|X|O|
-------
|X|O| |
-------
|O|X|O|
-------

2023-12-05 21:12:57,885 The winner is: O
