2023-12-05 21:12:13,761 Two player mode
2023-12-05 21:12:13,763 Step 1: X take the turn
2023-12-05 21:12:13,764 Renew the board: 
-------
| |X| |
-------
| | | |
-------
| | | |
-------

2023-12-05 21:12:13,764 Starting point: [0, 1]
2023-12-05 21:12:13,764 Step 2: O take the turn
2023-12-05 21:12:13,764 Renew the board: 
-------
| |X| |
-------
|O| | |
-------
| | | |
-------

2023-12-05 21:12:13,764 Step 3: X take the turn
2023-12-05 21:12:13,766 Renew the board: 
-------
|X|X| |
-------
|O| | |
-------
| | | |
-------

2023-12-05 21:12:13,766 Step 4: O take the turn
2023-12-05 21:12:13,766 Renew the board: 
-------
|X|X|O|
-------
|O| | |
-------
| | | |
-------

2023-12-05 21:12:13,767 Step 5: X take the turn
2023-12-05 21:12:13,767 Renew the board: 
-------
|X|X|O|
-------
|O| |X|
-------
| | | |
-------

2023-12-05 21:12:13,767 Step 6: O take the turn
2023-12-05 21:12:13,767 Renew the board: 
-------
|X|X|O|
-------
|O| |X|
-------
|O| | |
-------

2023-12-05 21:12:13,767 Step 7: X take the turn
2023-12-05 21:12:13,767 Renew the board: 
-------
|X|X|O|
-------
|O| |X|
-------
|O|X| |
-------

2023-12-05 21:12:13,767 Step 8: O take the turn
2023-12-05 21:12:13,767 Renew the board: 
-------
|X|X|O|
-------
|O|O|X|
-------
|O|X| |
-------

2023-12-05 21:12:13,782 The winner is: O
