2023-11-27 13:54:14,465 Two player mode
2023-11-27 13:54:14,467 Step 1: X take the turn
2023-11-27 13:54:14,468 Renew the board: 
-------
| | | |
-------
| | | |
-------
| |X| |
-------

2023-11-27 13:54:14,469 Step 2: O take the turn
2023-11-27 13:54:14,470 Renew the board: 
-------
|O| | |
-------
| | | |
-------
| |X| |
-------

2023-11-27 13:54:14,470 Step 3: X take the turn
2023-11-27 13:54:14,471 Renew the board: 
-------
|O| | |
-------
| |X| |
-------
| |X| |
-------

2023-11-27 13:54:14,471 Step 4: O take the turn
2023-11-27 13:54:14,471 Renew the board: 
-------
|O| | |
-------
| |X|O|
-------
| |X| |
-------

2023-11-27 13:54:14,471 Step 5: X take the turn
2023-11-27 13:54:14,471 Renew the board: 
-------
|O| |X|
-------
| |X|O|
-------
| |X| |
-------

2023-11-27 13:54:14,471 Step 6: O take the turn
2023-11-27 13:54:14,471 Renew the board: 
-------
|O| |X|
-------
| |X|O|
-------
| |X|O|
-------

2023-11-27 13:54:14,471 Step 7: X take the turn
2023-11-27 13:54:14,471 Renew the board: 
-------
|O|X|X|
-------
| |X|O|
-------
| |X|O|
-------

2023-11-27 13:54:14,472 The winner is: X
