2023-11-27 13:53:17,611 Two player mode
2023-11-27 13:53:17,612 Step 1: X take the turn
2023-11-27 13:53:17,612 Renew the board: 
-------
|X| | |
-------
| | | |
-------
| | | |
-------

2023-11-27 13:53:17,612 Step 2: O take the turn
2023-11-27 13:53:17,612 Renew the board: 
-------
|X| | |
-------
| | | |
-------
| |O| |
-------

2023-11-27 13:53:17,613 Step 3: X take the turn
2023-11-27 13:53:17,613 Renew the board: 
-------
|X| | |
-------
| | | |
-------
|X|O| |
-------

2023-11-27 13:53:17,613 Step 4: O take the turn
2023-11-27 13:53:17,613 Renew the board: 
-------
|X| | |
-------
|O| | |
-------
|X|O| |
-------

2023-11-27 13:53:17,613 Step 5: X take the turn
2023-11-27 13:53:17,613 Renew the board: 
-------
|X|X| |
-------
|O| | |
-------
|X|O| |
-------

2023-11-27 13:53:17,613 Step 6: O take the turn
2023-11-27 13:53:17,613 Renew the board: 
-------
|X|X| |
-------
|O| | |
-------
|X|O|O|
-------

2023-11-27 13:53:17,613 Step 7: X take the turn
2023-11-27 13:53:17,613 Renew the board: 
-------
|X|X| |
-------
|O|X| |
-------
|X|O|O|
-------

2023-11-27 13:53:17,613 Step 8: O take the turn
2023-11-27 13:53:17,614 Renew the board: 
-------
|X|X|O|
-------
|O|X| |
-------
|X|O|O|
-------

2023-11-27 13:53:17,614 Step 9: X take the turn
2023-11-27 13:53:17,614 Renew the board: 
-------
|X|X|O|
-------
|O|X|X|
-------
|X|O|O|
-------

2023-11-27 13:53:17,615 Draw!
