2023-12-05 22:50:02,789 Two player mode
2023-12-05 22:50:02,791 Step 1: X take the turn
2023-12-05 22:50:02,791 Renew the board: 
-------
| | | |
-------
| |X| |
-------
| | | |
-------

2023-12-05 22:50:02,792 Starting point: [1, 1]
2023-12-05 22:50:02,792 Step 2: O take the turn
2023-12-05 22:50:02,792 Renew the board: 
-------
| | | |
-------
| |X| |
-------
|O| | |
-------

2023-12-05 22:50:02,792 Step 3: X take the turn
2023-12-05 22:50:02,793 Renew the board: 
-------
| | |X|
-------
| |X| |
-------
|O| | |
-------

2023-12-05 22:50:02,793 Step 4: O take the turn
2023-12-05 22:50:02,794 Renew the board: 
-------
| | |X|
-------
| |X| |
-------
|O|O| |
-------

2023-12-05 22:50:02,794 Step 5: X take the turn
2023-12-05 22:50:02,794 Renew the board: 
-------
| |X|X|
-------
| |X| |
-------
|O|O| |
-------

2023-12-05 22:50:02,794 Step 6: O take the turn
2023-12-05 22:50:02,794 Renew the board: 
-------
| |X|X|
-------
|O|X| |
-------
|O|O| |
-------

2023-12-05 22:50:02,794 Step 7: X take the turn
2023-12-05 22:50:02,794 Renew the board: 
-------
|X|X|X|
-------
|O|X| |
-------
|O|O| |
-------

2023-12-05 22:50:02,808 The winner is: X
