2023-12-05 21:11:07,405 Two player mode
2023-12-05 21:11:07,408 Step 1: X take the turn
2023-12-05 21:11:07,408 Renew the board: 
-------
|X| | |
-------
| | | |
-------
| | | |
-------

2023-12-05 21:11:07,408 Starting point: [0, 0]
2023-12-05 21:11:07,408 Step 2: O take the turn
2023-12-05 21:11:07,408 Renew the board: 
-------
|X| | |
-------
| | | |
-------
|O| | |
-------

2023-12-05 21:11:07,408 Step 3: X take the turn
2023-12-05 21:11:07,409 Renew the board: 
-------
|X| | |
-------
| | | |
-------
|O| |X|
-------

2023-12-05 21:11:07,409 Step 4: O take the turn
2023-12-05 21:11:07,409 Renew the board: 
-------
|X| | |
-------
| | |O|
-------
|O| |X|
-------

2023-12-05 21:11:07,409 Step 5: X take the turn
2023-12-05 21:11:07,409 Renew the board: 
-------
|X| | |
-------
| |X|O|
-------
|O| |X|
-------

2023-12-05 21:11:07,427 The winner is: X
