2023-12-05 21:12:10,589 Two player mode
2023-12-05 21:12:10,590 Step 1: X take the turn
2023-12-05 21:12:10,591 Renew the board: 
-------
| | | |
-------
| | | |
-------
| | |X|
-------

2023-12-05 21:12:10,591 Starting point: [2, 2]
2023-12-05 21:12:10,591 Step 2: O take the turn
2023-12-05 21:12:10,591 Renew the board: 
-------
| | | |
-------
| | |O|
-------
| | |X|
-------

2023-12-05 21:12:10,593 Step 3: X take the turn
2023-12-05 21:12:10,593 Renew the board: 
-------
| |X| |
-------
| | |O|
-------
| | |X|
-------

2023-12-05 21:12:10,593 Step 4: O take the turn
2023-12-05 21:12:10,594 Renew the board: 
-------
| |X| |
-------
| |O|O|
-------
| | |X|
-------

2023-12-05 21:12:10,594 Step 5: X take the turn
2023-12-05 21:12:10,594 Renew the board: 
-------
| |X| |
-------
| |O|O|
-------
| |X|X|
-------

2023-12-05 21:12:10,594 Step 6: O take the turn
2023-12-05 21:12:10,594 Renew the board: 
-------
| |X| |
-------
|O|O|O|
-------
| |X|X|
-------

2023-12-05 21:12:10,611 The winner is: O
