2023-11-27 13:56:44,902 Two player mode
2023-11-27 13:56:44,905 Step 1: X take the turn
2023-11-27 13:56:44,905 Renew the board: 
-------
| | | |
-------
| | | |
-------
| |X| |
-------

2023-11-27 13:56:44,906 Step 2: O take the turn
2023-11-27 13:56:44,907 Renew the board: 
-------
| | |O|
-------
| | | |
-------
| |X| |
-------

2023-11-27 13:56:44,908 Step 3: X take the turn
2023-11-27 13:56:44,908 Renew the board: 
-------
| | |O|
-------
|X| | |
-------
| |X| |
-------

2023-11-27 13:56:44,908 Step 4: O take the turn
2023-11-27 13:56:44,908 Renew the board: 
-------
|O| |O|
-------
|X| | |
-------
| |X| |
-------

2023-11-27 13:56:44,908 Step 5: X take the turn
2023-11-27 13:56:44,908 Renew the board: 
-------
|O|X|O|
-------
|X| | |
-------
| |X| |
-------

2023-11-27 13:56:44,908 Step 6: O take the turn
2023-11-27 13:56:44,908 Renew the board: 
-------
|O|X|O|
-------
|X| |O|
-------
| |X| |
-------

2023-11-27 13:56:44,908 Step 7: X take the turn
2023-11-27 13:56:44,908 Renew the board: 
-------
|O|X|O|
-------
|X| |O|
-------
|X|X| |
-------

2023-11-27 13:56:44,908 Step 8: O take the turn
2023-11-27 13:56:44,908 Renew the board: 
-------
|O|X|O|
-------
|X|O|O|
-------
|X|X| |
-------

2023-11-27 13:56:44,908 Step 9: X take the turn
2023-11-27 13:56:44,908 Renew the board: 
-------
|O|X|O|
-------
|X|O|O|
-------
|X|X|X|
-------

2023-11-27 13:56:44,909 The winner is: X
