2023-12-05 21:11:20,679 Two player mode
2023-12-05 21:11:20,685 Step 1: X take the turn
2023-12-05 21:11:20,686 Renew the board: 
-------
| | | |
-------
| |X| |
-------
| | | |
-------

2023-12-05 21:11:20,686 Starting point: [1, 1]
2023-12-05 21:11:20,686 Step 2: O take the turn
2023-12-05 21:11:20,686 Renew the board: 
-------
| | | |
-------
| |X| |
-------
|O| | |
-------

2023-12-05 21:11:20,686 Step 3: X take the turn
2023-12-05 21:11:20,686 Renew the board: 
-------
|X| | |
-------
| |X| |
-------
|O| | |
-------

2023-12-05 21:11:20,686 Step 4: O take the turn
2023-12-05 21:11:20,686 Renew the board: 
-------
|X| | |
-------
| |X|O|
-------
|O| | |
-------

2023-12-05 21:11:20,687 Step 5: X take the turn
2023-12-05 21:11:20,687 Renew the board: 
-------
|X| |X|
-------
| |X|O|
-------
|O| | |
-------

2023-12-05 21:11:20,687 Step 6: O take the turn
2023-12-05 21:11:20,687 Renew the board: 
-------
|X|O|X|
-------
| |X|O|
-------
|O| | |
-------

2023-12-05 21:11:20,687 Step 7: X take the turn
2023-12-05 21:11:20,687 Renew the board: 
-------
|X|O|X|
-------
| |X|O|
-------
|O| |X|
-------

2023-12-05 21:11:20,702 The winner is: X
