2023-12-05 21:13:17,497 Two player mode
2023-12-05 21:13:17,499 Step 1: X take the turn
2023-12-05 21:13:17,500 Renew the board: 
-------
|X| | |
-------
| | | |
-------
| | | |
-------

2023-12-05 21:13:17,500 Starting point: [0, 0]
2023-12-05 21:13:17,500 Step 2: O take the turn
2023-12-05 21:13:17,501 Renew the board: 
-------
|X| | |
-------
| | | |
-------
| |O| |
-------

2023-12-05 21:13:17,502 Step 3: X take the turn
2023-12-05 21:13:17,502 Renew the board: 
-------
|X|X| |
-------
| | | |
-------
| |O| |
-------

2023-12-05 21:13:17,502 Step 4: O take the turn
2023-12-05 21:13:17,502 Renew the board: 
-------
|X|X| |
-------
| |O| |
-------
| |O| |
-------

2023-12-05 21:13:17,502 Step 5: X take the turn
2023-12-05 21:13:17,502 Renew the board: 
-------
|X|X|X|
-------
| |O| |
-------
| |O| |
-------

2023-12-05 21:13:17,519 The winner is: X
