2023-12-05 21:12:03,565 Two player mode
2023-12-05 21:12:03,566 Step 1: X take the turn
2023-12-05 21:12:03,567 Renew the board: 
-------
| | | |
-------
| |X| |
-------
| | | |
-------

2023-12-05 21:12:03,567 Starting point: [1, 1]
2023-12-05 21:12:03,567 Step 2: O take the turn
2023-12-05 21:12:03,568 Renew the board: 
-------
| | | |
-------
| |X|O|
-------
| | | |
-------

2023-12-05 21:12:03,568 Step 3: X take the turn
2023-12-05 21:12:03,568 Renew the board: 
-------
| | | |
-------
| |X|O|
-------
|X| | |
-------

2023-12-05 21:12:03,568 Step 4: O take the turn
2023-12-05 21:12:03,568 Renew the board: 
-------
|O| | |
-------
| |X|O|
-------
|X| | |
-------

2023-12-05 21:12:03,569 Step 5: X take the turn
2023-12-05 21:12:03,569 Renew the board: 
-------
|O|X| |
-------
| |X|O|
-------
|X| | |
-------

2023-12-05 21:12:03,569 Step 6: O take the turn
2023-12-05 21:12:03,569 Renew the board: 
-------
|O|X| |
-------
| |X|O|
-------
|X| |O|
-------

2023-12-05 21:12:03,569 Step 7: X take the turn
2023-12-05 21:12:03,570 Renew the board: 
-------
|O|X|X|
-------
| |X|O|
-------
|X| |O|
-------

2023-12-05 21:12:03,580 The winner is: X
