2023-12-05 21:13:37,579 Two player mode
2023-12-05 21:13:37,579 Step 1: X take the turn
2023-12-05 21:13:37,579 Renew the board: 
-------
| | |X|
-------
| | | |
-------
| | | |
-------

2023-12-05 21:13:37,579 Starting point: [0, 2]
2023-12-05 21:13:37,580 Step 2: O take the turn
2023-12-05 21:13:37,580 Renew the board: 
-------
|O| |X|
-------
| | | |
-------
| | | |
-------

2023-12-05 21:13:37,580 Step 3: X take the turn
2023-12-05 21:13:37,580 Renew the board: 
-------
|O| |X|
-------
|X| | |
-------
| | | |
-------

2023-12-05 21:13:37,580 Step 4: O take the turn
2023-12-05 21:13:37,580 Renew the board: 
-------
|O|O|X|
-------
|X| | |
-------
| | | |
-------

2023-12-05 21:13:37,580 Step 5: X take the turn
2023-12-05 21:13:37,580 Renew the board: 
-------
|O|O|X|
-------
|X| |X|
-------
| | | |
-------

2023-12-05 21:13:37,580 Step 6: O take the turn
2023-12-05 21:13:37,580 Renew the board: 
-------
|O|O|X|
-------
|X| |X|
-------
| |O| |
-------

2023-12-05 21:13:37,580 Step 7: X take the turn
2023-12-05 21:13:37,580 Renew the board: 
-------
|O|O|X|
-------
|X|X|X|
-------
| |O| |
-------

2023-12-05 21:13:37,599 The winner is: X
