2023-12-05 21:12:00,519 Two player mode
2023-12-05 21:12:00,520 Step 1: X take the turn
2023-12-05 21:12:00,520 Renew the board: 
-------
| | | |
-------
| |X| |
-------
| | | |
-------

2023-12-05 21:12:00,520 Starting point: [1, 1]
2023-12-05 21:12:00,520 Step 2: O take the turn
2023-12-05 21:12:00,520 Renew the board: 
-------
| | | |
-------
| |X| |
-------
|O| | |
-------

2023-12-05 21:12:00,520 Step 3: X take the turn
2023-12-05 21:12:00,521 Renew the board: 
-------
| | |X|
-------
| |X| |
-------
|O| | |
-------

2023-12-05 21:12:00,521 Step 4: O take the turn
2023-12-05 21:12:00,521 Renew the board: 
-------
| | |X|
-------
| |X| |
-------
|O| |O|
-------

2023-12-05 21:12:00,521 Step 5: X take the turn
2023-12-05 21:12:00,521 Renew the board: 
-------
| | |X|
-------
|X|X| |
-------
|O| |O|
-------

2023-12-05 21:12:00,521 Step 6: O take the turn
2023-12-05 21:12:00,521 Renew the board: 
-------
| | |X|
-------
|X|X| |
-------
|O|O|O|
-------

2023-12-05 21:12:00,542 The winner is: O
