2023-12-05 21:12:48,032 Two player mode
2023-12-05 21:12:48,033 Step 1: X take the turn
2023-12-05 21:12:48,034 Renew the board: 
-------
| | | |
-------
| | |X|
-------
| | | |
-------

2023-12-05 21:12:48,034 Starting point: [1, 2]
2023-12-05 21:12:48,034 Step 2: O take the turn
2023-12-05 21:12:48,034 Renew the board: 
-------
| |O| |
-------
| | |X|
-------
| | | |
-------

2023-12-05 21:12:48,035 Step 3: X take the turn
2023-12-05 21:12:48,035 Renew the board: 
-------
| |O| |
-------
| | |X|
-------
|X| | |
-------

2023-12-05 21:12:48,035 Step 4: O take the turn
2023-12-05 21:12:48,035 Renew the board: 
-------
| |O|O|
-------
| | |X|
-------
|X| | |
-------

2023-12-05 21:12:48,035 Step 5: X take the turn
2023-12-05 21:12:48,035 Renew the board: 
-------
| |O|O|
-------
| |X|X|
-------
|X| | |
-------

2023-12-05 21:12:48,035 Step 6: O take the turn
2023-12-05 21:12:48,035 Renew the board: 
-------
| |O|O|
-------
| |X|X|
-------
|X| |O|
-------

2023-12-05 21:12:48,036 Step 7: X take the turn
2023-12-05 21:12:48,036 Renew the board: 
-------
| |O|O|
-------
|X|X|X|
-------
|X| |O|
-------

2023-12-05 21:12:48,054 The winner is: X
