2023-11-27 13:56:54,463 Two player mode
2023-11-27 13:56:54,465 Step 1: X take the turn
2023-11-27 13:56:54,466 Renew the board: 
-------
| | | |
-------
| | | |
-------
| | |X|
-------

2023-11-27 13:56:54,466 Step 2: O take the turn
2023-11-27 13:56:54,467 Renew the board: 
-------
| | | |
-------
| | | |
-------
| |O|X|
-------

2023-11-27 13:56:54,467 Step 3: X take the turn
2023-11-27 13:56:54,467 Renew the board: 
-------
| | | |
-------
|X| | |
-------
| |O|X|
-------

2023-11-27 13:56:54,467 Step 4: O take the turn
2023-11-27 13:56:54,467 Renew the board: 
-------
| | | |
-------
|X| | |
-------
|O|O|X|
-------

2023-11-27 13:56:54,467 Step 5: X take the turn
2023-11-27 13:56:54,467 Renew the board: 
-------
| |X| |
-------
|X| | |
-------
|O|O|X|
-------

2023-11-27 13:56:54,467 Step 6: O take the turn
2023-11-27 13:56:54,467 Renew the board: 
-------
| |X| |
-------
|X| |O|
-------
|O|O|X|
-------

2023-11-27 13:56:54,467 Step 7: X take the turn
2023-11-27 13:56:54,467 Renew the board: 
-------
| |X| |
-------
|X|X|O|
-------
|O|O|X|
-------

2023-11-27 13:56:54,467 Step 8: O take the turn
2023-11-27 13:56:54,468 Renew the board: 
-------
| |X|O|
-------
|X|X|O|
-------
|O|O|X|
-------

2023-11-27 13:56:54,468 Step 9: X take the turn
2023-11-27 13:56:54,468 Renew the board: 
-------
|X|X|O|
-------
|X|X|O|
-------
|O|O|X|
-------

2023-11-27 13:56:54,471 The winner is: X
