2023-12-05 21:13:24,188 Two player mode
2023-12-05 21:13:24,190 Step 1: X take the turn
2023-12-05 21:13:24,190 Renew the board: 
-------
| | |X|
-------
| | | |
-------
| | | |
-------

2023-12-05 21:13:24,190 Starting point: [0, 2]
2023-12-05 21:13:24,190 Step 2: O take the turn
2023-12-05 21:13:24,191 Renew the board: 
-------
| | |X|
-------
|O| | |
-------
| | | |
-------

2023-12-05 21:13:24,191 Step 3: X take the turn
2023-12-05 21:13:24,191 Renew the board: 
-------
| | |X|
-------
|O|X| |
-------
| | | |
-------

2023-12-05 21:13:24,191 Step 4: O take the turn
2023-12-05 21:13:24,191 Renew the board: 
-------
| | |X|
-------
|O|X| |
-------
|O| | |
-------

2023-12-05 21:13:24,191 Step 5: X take the turn
2023-12-05 21:13:24,192 Renew the board: 
-------
| | |X|
-------
|O|X| |
-------
|O| |X|
-------

2023-12-05 21:13:24,192 Step 6: O take the turn
2023-12-05 21:13:24,192 Renew the board: 
-------
| |O|X|
-------
|O|X| |
-------
|O| |X|
-------

2023-12-05 21:13:24,192 Step 7: X take the turn
2023-12-05 21:13:24,192 Renew the board: 
-------
| |O|X|
-------
|O|X| |
-------
|O|X|X|
-------

2023-12-05 21:13:24,192 Step 8: O take the turn
2023-12-05 21:13:24,192 Renew the board: 
-------
| |O|X|
-------
|O|X|O|
-------
|O|X|X|
-------

2023-12-05 21:13:24,192 Step 9: X take the turn
2023-12-05 21:13:24,193 Renew the board: 
-------
|X|O|X|
-------
|O|X|O|
-------
|O|X|X|
-------

2023-12-05 21:13:24,211 The winner is: X
