2023-12-05 21:11:53,998 Two player mode
2023-12-05 21:11:53,999 Step 1: X take the turn
2023-12-05 21:11:54,000 Renew the board: 
-------
| | | |
-------
| | | |
-------
|X| | |
-------

2023-12-05 21:11:54,000 Starting point: [2, 0]
2023-12-05 21:11:54,000 Step 2: O take the turn
2023-12-05 21:11:54,001 Renew the board: 
-------
| |O| |
-------
| | | |
-------
|X| | |
-------

2023-12-05 21:11:54,001 Step 3: X take the turn
2023-12-05 21:11:54,001 Renew the board: 
-------
| |O| |
-------
| |X| |
-------
|X| | |
-------

2023-12-05 21:11:54,001 Step 4: O take the turn
2023-12-05 21:11:54,001 Renew the board: 
-------
| |O| |
-------
| |X| |
-------
|X| |O|
-------

2023-12-05 21:11:54,001 Step 5: X take the turn
2023-12-05 21:11:54,001 Renew the board: 
-------
|X|O| |
-------
| |X| |
-------
|X| |O|
-------

2023-12-05 21:11:54,001 Step 6: O take the turn
2023-12-05 21:11:54,002 Renew the board: 
-------
|X|O|O|
-------
| |X| |
-------
|X| |O|
-------

2023-12-05 21:11:54,002 Step 7: X take the turn
2023-12-05 21:11:54,002 Renew the board: 
-------
|X|O|O|
-------
| |X| |
-------
|X|X|O|
-------

2023-12-05 21:11:54,002 Step 8: O take the turn
2023-12-05 21:11:54,002 Renew the board: 
-------
|X|O|O|
-------
|O|X| |
-------
|X|X|O|
-------

2023-12-05 21:11:54,002 Step 9: X take the turn
2023-12-05 21:11:54,002 Renew the board: 
-------
|X|O|O|
-------
|O|X|X|
-------
|X|X|O|
-------

2023-12-05 21:11:54,017 Draw!
