2023-12-05 21:10:39,051 Two player mode
2023-12-05 21:10:39,053 Step 1: X take the turn
2023-12-05 21:10:39,054 Renew the board: 
-------
| | | |
-------
| | |X|
-------
| | | |
-------

2023-12-05 21:10:39,054 Starting point: [1, 2]
2023-12-05 21:10:39,054 Step 2: O take the turn
2023-12-05 21:10:39,054 Renew the board: 
-------
| | | |
-------
| |O|X|
-------
| | | |
-------

2023-12-05 21:10:39,054 Step 3: X take the turn
2023-12-05 21:10:39,055 Renew the board: 
-------
|X| | |
-------
| |O|X|
-------
| | | |
-------

2023-12-05 21:10:39,055 Step 4: O take the turn
2023-12-05 21:10:39,055 Renew the board: 
-------
|X| | |
-------
|O|O|X|
-------
| | | |
-------

2023-12-05 21:10:39,055 Step 5: X take the turn
2023-12-05 21:10:39,055 Renew the board: 
-------
|X| | |
-------
|O|O|X|
-------
|X| | |
-------

2023-12-05 21:10:39,055 Step 6: O take the turn
2023-12-05 21:10:39,055 Renew the board: 
-------
|X| | |
-------
|O|O|X|
-------
|X|O| |
-------

2023-12-05 21:10:39,055 Step 7: X take the turn
2023-12-05 21:10:39,055 Renew the board: 
-------
|X|X| |
-------
|O|O|X|
-------
|X|O| |
-------

2023-12-05 21:10:39,055 Step 8: O take the turn
2023-12-05 21:10:39,055 Renew the board: 
-------
|X|X|O|
-------
|O|O|X|
-------
|X|O| |
-------

2023-12-05 21:10:39,055 Step 9: X take the turn
2023-12-05 21:10:39,056 Renew the board: 
-------
|X|X|O|
-------
|O|O|X|
-------
|X|O|X|
-------

2023-12-05 21:10:39,072 Draw!
