2023-12-05 21:10:51,579 Two player mode
2023-12-05 21:10:51,581 Step 1: X take the turn
2023-12-05 21:10:51,581 Renew the board: 
-------
| | |X|
-------
| | | |
-------
| | | |
-------

2023-12-05 21:10:51,581 Starting point: [0, 2]
2023-12-05 21:10:51,581 Step 2: O take the turn
2023-12-05 21:10:51,581 Renew the board: 
-------
| | |X|
-------
| | | |
-------
|O| | |
-------

2023-12-05 21:10:51,581 Step 3: X take the turn
2023-12-05 21:10:51,581 Renew the board: 
-------
| | |X|
-------
| |X| |
-------
|O| | |
-------

2023-12-05 21:10:51,582 Step 4: O take the turn
2023-12-05 21:10:51,582 Renew the board: 
-------
| |O|X|
-------
| |X| |
-------
|O| | |
-------

2023-12-05 21:10:51,582 Step 5: X take the turn
2023-12-05 21:10:51,583 Renew the board: 
-------
| |O|X|
-------
| |X| |
-------
|O|X| |
-------

2023-12-05 21:10:51,583 Step 6: O take the turn
2023-12-05 21:10:51,583 Renew the board: 
-------
| |O|X|
-------
|O|X| |
-------
|O|X| |
-------

2023-12-05 21:10:51,583 Step 7: X take the turn
2023-12-05 21:10:51,583 Renew the board: 
-------
| |O|X|
-------
|O|X| |
-------
|O|X|X|
-------

2023-12-05 21:10:51,583 Step 8: O take the turn
2023-12-05 21:10:51,583 Renew the board: 
-------
| |O|X|
-------
|O|X|O|
-------
|O|X|X|
-------

2023-12-05 21:10:51,583 Step 9: X take the turn
2023-12-05 21:10:51,584 Renew the board: 
-------
|X|O|X|
-------
|O|X|O|
-------
|O|X|X|
-------

2023-12-05 21:10:51,601 The winner is: X
