2023-12-05 21:10:48,117 Two player mode
2023-12-05 21:10:48,119 Step 1: X take the turn
2023-12-05 21:10:48,119 Renew the board: 
-------
| | |X|
-------
| | | |
-------
| | | |
-------

2023-12-05 21:10:48,120 Starting point: [0, 2]
2023-12-05 21:10:48,120 Step 2: O take the turn
2023-12-05 21:10:48,120 Renew the board: 
-------
|O| |X|
-------
| | | |
-------
| | | |
-------

2023-12-05 21:10:48,120 Step 3: X take the turn
2023-12-05 21:10:48,120 Renew the board: 
-------
|O|X|X|
-------
| | | |
-------
| | | |
-------

2023-12-05 21:10:48,120 Step 4: O take the turn
2023-12-05 21:10:48,120 Renew the board: 
-------
|O|X|X|
-------
| |O| |
-------
| | | |
-------

2023-12-05 21:10:48,120 Step 5: X take the turn
2023-12-05 21:10:48,121 Renew the board: 
-------
|O|X|X|
-------
| |O| |
-------
| |X| |
-------

2023-12-05 21:10:48,121 Step 6: O take the turn
2023-12-05 21:10:48,121 Renew the board: 
-------
|O|X|X|
-------
| |O| |
-------
| |X|O|
-------

2023-12-05 21:10:48,137 The winner is: O
