2023-11-27 13:53:20,427 Two player mode
2023-11-27 13:53:20,428 Step 1: X take the turn
2023-11-27 13:53:20,428 Renew the board: 
-------
| |X| |
-------
| | | |
-------
| | | |
-------

2023-11-27 13:53:20,428 Step 2: O take the turn
2023-11-27 13:53:20,428 Renew the board: 
-------
|O|X| |
-------
| | | |
-------
| | | |
-------

2023-11-27 13:53:20,428 Step 3: X take the turn
2023-11-27 13:53:20,428 Renew the board: 
-------
|O|X| |
-------
| | |X|
-------
| | | |
-------

2023-11-27 13:53:20,429 Step 4: O take the turn
2023-11-27 13:53:20,429 Renew the board: 
-------
|O|X| |
-------
| | |X|
-------
|O| | |
-------

2023-11-27 13:53:20,429 Step 5: X take the turn
2023-11-27 13:53:20,429 Renew the board: 
-------
|O|X| |
-------
|X| |X|
-------
|O| | |
-------

2023-11-27 13:53:20,429 Step 6: O take the turn
2023-11-27 13:53:20,429 Renew the board: 
-------
|O|X| |
-------
|X|O|X|
-------
|O| | |
-------

2023-11-27 13:53:20,429 Step 7: X take the turn
2023-11-27 13:53:20,429 Renew the board: 
-------
|O|X| |
-------
|X|O|X|
-------
|O|X| |
-------

2023-11-27 13:53:20,429 Step 8: O take the turn
2023-11-27 13:53:20,429 Renew the board: 
-------
|O|X| |
-------
|X|O|X|
-------
|O|X|O|
-------

2023-11-27 13:53:20,431 The winner is: O
