2023-12-05 21:10:55,015 Two player mode
2023-12-05 21:10:55,018 Step 1: X take the turn
2023-12-05 21:10:55,018 Renew the board: 
-------
| |X| |
-------
| | | |
-------
| | | |
-------

2023-12-05 21:10:55,019 Starting point: [0, 1]
2023-12-05 21:10:55,019 Step 2: O take the turn
2023-12-05 21:10:55,019 Renew the board: 
-------
|O|X| |
-------
| | | |
-------
| | | |
-------

2023-12-05 21:10:55,019 Step 3: X take the turn
2023-12-05 21:10:55,019 Renew the board: 
-------
|O|X|X|
-------
| | | |
-------
| | | |
-------

2023-12-05 21:10:55,019 Step 4: O take the turn
2023-12-05 21:10:55,019 Renew the board: 
-------
|O|X|X|
-------
| | | |
-------
| | |O|
-------

2023-12-05 21:10:55,019 Step 5: X take the turn
2023-12-05 21:10:55,019 Renew the board: 
-------
|O|X|X|
-------
| | |X|
-------
| | |O|
-------

2023-12-05 21:10:55,019 Step 6: O take the turn
2023-12-05 21:10:55,019 Renew the board: 
-------
|O|X|X|
-------
| | |X|
-------
| |O|O|
-------

2023-12-05 21:10:55,020 Step 7: X take the turn
2023-12-05 21:10:55,020 Renew the board: 
-------
|O|X|X|
-------
|X| |X|
-------
| |O|O|
-------

2023-12-05 21:10:55,020 Step 8: O take the turn
2023-12-05 21:10:55,020 Renew the board: 
-------
|O|X|X|
-------
|X|O|X|
-------
| |O|O|
-------

2023-12-05 21:10:55,036 The winner is: O
