2023-11-27 13:57:05,922 Two player mode
2023-11-27 13:57:05,924 Step 1: X take the turn
2023-11-27 13:57:05,925 Renew the board: 
-------
| |X| |
-------
| | | |
-------
| | | |
-------

2023-11-27 13:57:05,925 Step 2: O take the turn
2023-11-27 13:57:05,926 Renew the board: 
-------
| |X| |
-------
| | |O|
-------
| | | |
-------

2023-11-27 13:57:05,926 Step 3: X take the turn
2023-11-27 13:57:05,926 Renew the board: 
-------
| |X| |
-------
| | |O|
-------
| | |X|
-------

2023-11-27 13:57:05,926 Step 4: O take the turn
2023-11-27 13:57:05,926 Renew the board: 
-------
| |X| |
-------
|O| |O|
-------
| | |X|
-------

2023-11-27 13:57:05,926 Step 5: X take the turn
2023-11-27 13:57:05,926 Renew the board: 
-------
| |X| |
-------
|O| |O|
-------
|X| |X|
-------

2023-11-27 13:57:05,926 Step 6: O take the turn
2023-11-27 13:57:05,926 Renew the board: 
-------
| |X| |
-------
|O|O|O|
-------
|X| |X|
-------

2023-11-27 13:57:05,929 The winner is: O
