2023-11-27 13:56:39,856 Two player mode
2023-11-27 13:56:39,858 Step 1: X take the turn
2023-11-27 13:56:39,859 Renew the board: 
-------
|X| | |
-------
| | | |
-------
| | | |
-------

2023-11-27 13:56:39,860 Step 2: O take the turn
2023-11-27 13:56:39,860 Renew the board: 
-------
|X| | |
-------
| | |O|
-------
| | | |
-------

2023-11-27 13:56:39,860 Step 3: X take the turn
2023-11-27 13:56:39,860 Renew the board: 
-------
|X| | |
-------
| | |O|
-------
| | |X|
-------

2023-11-27 13:56:39,860 Step 4: O take the turn
2023-11-27 13:56:39,860 Renew the board: 
-------
|X| | |
-------
| | |O|
-------
|O| |X|
-------

2023-11-27 13:56:39,860 Step 5: X take the turn
2023-11-27 13:56:39,860 Renew the board: 
-------
|X| | |
-------
|X| |O|
-------
|O| |X|
-------

2023-11-27 13:56:39,860 Step 6: O take the turn
2023-11-27 13:56:39,861 Renew the board: 
-------
|X| | |
-------
|X| |O|
-------
|O|O|X|
-------

2023-11-27 13:56:39,861 Step 7: X take the turn
2023-11-27 13:56:39,861 Renew the board: 
-------
|X| |X|
-------
|X| |O|
-------
|O|O|X|
-------

2023-11-27 13:56:39,861 Step 8: O take the turn
2023-11-27 13:56:39,861 Renew the board: 
-------
|X| |X|
-------
|X|O|O|
-------
|O|O|X|
-------

2023-11-27 13:56:39,861 Step 9: X take the turn
2023-11-27 13:56:39,861 Renew the board: 
-------
|X|X|X|
-------
|X|O|O|
-------
|O|O|X|
-------

2023-11-27 13:56:39,862 The winner is: X
