2023-11-27 13:54:40,475 Two player mode
2023-11-27 13:54:40,478 Step 1: X take the turn
2023-11-27 13:54:40,478 Renew the board: 
-------
| | | |
-------
|X| | |
-------
| | | |
-------

2023-11-27 13:54:40,478 Step 2: O take the turn
2023-11-27 13:54:40,479 Renew the board: 
-------
| |O| |
-------
|X| | |
-------
| | | |
-------

2023-11-27 13:54:40,479 Step 3: X take the turn
2023-11-27 13:54:40,479 Renew the board: 
-------
| |O| |
-------
|X|X| |
-------
| | | |
-------

2023-11-27 13:54:40,479 Step 4: O take the turn
2023-11-27 13:54:40,479 Renew the board: 
-------
| |O|O|
-------
|X|X| |
-------
| | | |
-------

2023-11-27 13:54:40,479 Step 5: X take the turn
2023-11-27 13:54:40,480 Renew the board: 
-------
| |O|O|
-------
|X|X| |
-------
| | |X|
-------

2023-11-27 13:54:40,480 Step 6: O take the turn
2023-11-27 13:54:40,480 Renew the board: 
-------
|O|O|O|
-------
|X|X| |
-------
| | |X|
-------

2023-11-27 13:54:40,481 The winner is: O
