2023-12-05 21:12:34,985 Two player mode
2023-12-05 21:12:34,988 Step 1: X take the turn
2023-12-05 21:12:34,989 Renew the board: 
-------
| | | |
-------
| | |X|
-------
| | | |
-------

2023-12-05 21:12:34,990 Starting point: [1, 2]
2023-12-05 21:12:34,990 Step 2: O take the turn
2023-12-05 21:12:34,991 Renew the board: 
-------
|O| | |
-------
| | |X|
-------
| | | |
-------

2023-12-05 21:12:34,991 Step 3: X take the turn
2023-12-05 21:12:34,991 Renew the board: 
-------
|O| | |
-------
| |X|X|
-------
| | | |
-------

2023-12-05 21:12:34,991 Step 4: O take the turn
2023-12-05 21:12:34,991 Renew the board: 
-------
|O|O| |
-------
| |X|X|
-------
| | | |
-------

2023-12-05 21:12:34,991 Step 5: X take the turn
2023-12-05 21:12:34,992 Renew the board: 
-------
|O|O| |
-------
| |X|X|
-------
| |X| |
-------

2023-12-05 21:12:34,992 Step 6: O take the turn
2023-12-05 21:12:34,992 Renew the board: 
-------
|O|O| |
-------
| |X|X|
-------
| |X|O|
-------

2023-12-05 21:12:34,992 Step 7: X take the turn
2023-12-05 21:12:34,992 Renew the board: 
-------
|O|O| |
-------
|X|X|X|
-------
| |X|O|
-------

2023-12-05 21:12:35,009 The winner is: X
