2023-12-05 21:12:54,760 Two player mode
2023-12-05 21:12:54,762 Step 1: X take the turn
2023-12-05 21:12:54,763 Renew the board: 
-------
| |X| |
-------
| | | |
-------
| | | |
-------

2023-12-05 21:12:54,763 Starting point: [0, 1]
2023-12-05 21:12:54,763 Step 2: O take the turn
2023-12-05 21:12:54,763 Renew the board: 
-------
| |X| |
-------
| | | |
-------
| | |O|
-------

2023-12-05 21:12:54,763 Step 3: X take the turn
2023-12-05 21:12:54,763 Renew the board: 
-------
| |X| |
-------
| |X| |
-------
| | |O|
-------

2023-12-05 21:12:54,763 Step 4: O take the turn
2023-12-05 21:12:54,763 Renew the board: 
-------
| |X| |
-------
| |X|O|
-------
| | |O|
-------

2023-12-05 21:12:54,763 Step 5: X take the turn
2023-12-05 21:12:54,764 Renew the board: 
-------
| |X| |
-------
|X|X|O|
-------
| | |O|
-------

2023-12-05 21:12:54,764 Step 6: O take the turn
2023-12-05 21:12:54,764 Renew the board: 
-------
| |X| |
-------
|X|X|O|
-------
| |O|O|
-------

2023-12-05 21:12:54,764 Step 7: X take the turn
2023-12-05 21:12:54,764 Renew the board: 
-------
| |X| |
-------
|X|X|O|
-------
|X|O|O|
-------

2023-12-05 21:12:54,764 Step 8: O take the turn
2023-12-05 21:12:54,764 Renew the board: 
-------
| |X|O|
-------
|X|X|O|
-------
|X|O|O|
-------

2023-12-05 21:12:54,783 The winner is: O
