2023-11-27 13:52:53,961 Two player mode
2023-11-27 13:52:53,965 Step 1: X take the turn
2023-11-27 13:52:53,966 Renew the board: 
-------
|X| | |
-------
| | | |
-------
| | | |
-------

2023-11-27 13:52:53,967 Step 2: O take the turn
2023-11-27 13:52:53,967 Renew the board: 
-------
|X| | |
-------
|O| | |
-------
| | | |
-------

2023-11-27 13:52:53,967 Step 3: X take the turn
2023-11-27 13:52:53,968 Renew the board: 
-------
|X| | |
-------
|O| | |
-------
| |X| |
-------

2023-11-27 13:52:53,968 Step 4: O take the turn
2023-11-27 13:52:53,968 Renew the board: 
-------
|X| |O|
-------
|O| | |
-------
| |X| |
-------

2023-11-27 13:52:53,968 Step 5: X take the turn
2023-11-27 13:52:53,968 Renew the board: 
-------
|X| |O|
-------
|O| | |
-------
| |X|X|
-------

2023-11-27 13:52:53,968 Step 6: O take the turn
2023-11-27 13:52:53,968 Renew the board: 
-------
|X| |O|
-------
|O|O| |
-------
| |X|X|
-------

2023-11-27 13:52:53,968 Step 7: X take the turn
2023-11-27 13:52:53,969 Renew the board: 
-------
|X| |O|
-------
|O|O| |
-------
|X|X|X|
-------

2023-11-27 13:52:53,970 The winner is: X
