2023-12-05 21:10:41,943 Two player mode
2023-12-05 21:10:41,946 Step 1: X take the turn
2023-12-05 21:10:41,947 Renew the board: 
-------
| | | |
-------
| | | |
-------
|X| | |
-------

2023-12-05 21:10:41,947 Starting point: [2, 0]
2023-12-05 21:10:41,947 Step 2: O take the turn
2023-12-05 21:10:41,948 Renew the board: 
-------
| | | |
-------
| | | |
-------
|X| |O|
-------

2023-12-05 21:10:41,949 Step 3: X take the turn
2023-12-05 21:10:41,949 Renew the board: 
-------
| |X| |
-------
| | | |
-------
|X| |O|
-------

2023-12-05 21:10:41,949 Step 4: O take the turn
2023-12-05 21:10:41,949 Renew the board: 
-------
| |X|O|
-------
| | | |
-------
|X| |O|
-------

2023-12-05 21:10:41,949 Step 5: X take the turn
2023-12-05 21:10:41,949 Renew the board: 
-------
|X|X|O|
-------
| | | |
-------
|X| |O|
-------

2023-12-05 21:10:41,949 Step 6: O take the turn
2023-12-05 21:10:41,949 Renew the board: 
-------
|X|X|O|
-------
|O| | |
-------
|X| |O|
-------

2023-12-05 21:10:41,949 Step 7: X take the turn
2023-12-05 21:10:41,949 Renew the board: 
-------
|X|X|O|
-------
|O| |X|
-------
|X| |O|
-------

2023-12-05 21:10:41,949 Step 8: O take the turn
2023-12-05 21:10:41,950 Renew the board: 
-------
|X|X|O|
-------
|O|O|X|
-------
|X| |O|
-------

2023-12-05 21:10:41,950 Step 9: X take the turn
2023-12-05 21:10:41,950 Renew the board: 
-------
|X|X|O|
-------
|O|O|X|
-------
|X|X|O|
-------

2023-12-05 21:10:41,964 Draw!
