2023-11-27 13:54:29,964 Two player mode
2023-11-27 13:54:29,968 Step 1: X take the turn
2023-11-27 13:54:29,971 Renew the board: 
-------
| | | |
-------
| | | |
-------
| | |X|
-------

2023-11-27 13:54:29,972 Step 2: O take the turn
2023-11-27 13:54:29,972 Renew the board: 
-------
| | | |
-------
| | | |
-------
|O| |X|
-------

2023-11-27 13:54:29,972 Step 3: X take the turn
2023-11-27 13:54:29,972 Renew the board: 
-------
|X| | |
-------
| | | |
-------
|O| |X|
-------

2023-11-27 13:54:29,972 Step 4: O take the turn
2023-11-27 13:54:29,972 Renew the board: 
-------
|X| | |
-------
| | |O|
-------
|O| |X|
-------

2023-11-27 13:54:29,972 Step 5: X take the turn
2023-11-27 13:54:29,972 Renew the board: 
-------
|X|X| |
-------
| | |O|
-------
|O| |X|
-------

2023-11-27 13:54:29,972 Step 6: O take the turn
2023-11-27 13:54:29,972 Renew the board: 
-------
|X|X| |
-------
| |O|O|
-------
|O| |X|
-------

2023-11-27 13:54:29,972 Step 7: X take the turn
2023-11-27 13:54:29,973 Renew the board: 
-------
|X|X|X|
-------
| |O|O|
-------
|O| |X|
-------

2023-11-27 13:54:29,974 The winner is: X
