2023-11-27 13:53:00,732 Two player mode
2023-11-27 13:53:00,735 Step 1: X take the turn
2023-11-27 13:53:00,736 Renew the board: 
-------
|X| | |
-------
| | | |
-------
| | | |
-------

2023-11-27 13:53:00,736 Step 2: O take the turn
2023-11-27 13:53:00,736 Renew the board: 
-------
|X| |O|
-------
| | | |
-------
| | | |
-------

2023-11-27 13:53:00,736 Step 3: X take the turn
2023-11-27 13:53:00,736 Renew the board: 
-------
|X| |O|
-------
|X| | |
-------
| | | |
-------

2023-11-27 13:53:00,736 Step 4: O take the turn
2023-11-27 13:53:00,737 Renew the board: 
-------
|X| |O|
-------
|X| | |
-------
|O| | |
-------

2023-11-27 13:53:00,737 Step 5: X take the turn
2023-11-27 13:53:00,737 Renew the board: 
-------
|X| |O|
-------
|X| | |
-------
|O| |X|
-------

2023-11-27 13:53:00,737 Step 6: O take the turn
2023-11-27 13:53:00,737 Renew the board: 
-------
|X| |O|
-------
|X| |O|
-------
|O| |X|
-------

2023-11-27 13:53:00,737 Step 7: X take the turn
2023-11-27 13:53:00,737 Renew the board: 
-------
|X| |O|
-------
|X| |O|
-------
|O|X|X|
-------

2023-11-27 13:53:00,737 Step 8: O take the turn
2023-11-27 13:53:00,737 Renew the board: 
-------
|X|O|O|
-------
|X| |O|
-------
|O|X|X|
-------

2023-11-27 13:53:00,737 Step 9: X take the turn
2023-11-27 13:53:00,737 Renew the board: 
-------
|X|O|O|
-------
|X|X|O|
-------
|O|X|X|
-------

2023-11-27 13:53:00,738 The winner is: X
