2023-12-05 21:10:45,041 Two player mode
2023-12-05 21:10:45,043 Step 1: X take the turn
2023-12-05 21:10:45,043 Renew the board: 
-------
| | | |
-------
|X| | |
-------
| | | |
-------

2023-12-05 21:10:45,043 Starting point: [1, 0]
2023-12-05 21:10:45,044 Step 2: O take the turn
2023-12-05 21:10:45,044 Renew the board: 
-------
|O| | |
-------
|X| | |
-------
| | | |
-------

2023-12-05 21:10:45,044 Step 3: X take the turn
2023-12-05 21:10:45,044 Renew the board: 
-------
|O| | |
-------
|X| | |
-------
| | |X|
-------

2023-12-05 21:10:45,044 Step 4: O take the turn
2023-12-05 21:10:45,044 Renew the board: 
-------
|O|O| |
-------
|X| | |
-------
| | |X|
-------

2023-12-05 21:10:45,044 Step 5: X take the turn
2023-12-05 21:10:45,044 Renew the board: 
-------
|O|O| |
-------
|X| | |
-------
| |X|X|
-------

2023-12-05 21:10:45,044 Step 6: O take the turn
2023-12-05 21:10:45,044 Renew the board: 
-------
|O|O|O|
-------
|X| | |
-------
| |X|X|
-------

2023-12-05 21:10:45,062 The winner is: O
