2023-12-05 21:10:58,038 Two player mode
2023-12-05 21:10:58,040 Step 1: X take the turn
2023-12-05 21:10:58,040 Renew the board: 
-------
| | | |
-------
| | | |
-------
| | |X|
-------

2023-12-05 21:10:58,041 Starting point: [2, 2]
2023-12-05 21:10:58,041 Step 2: O take the turn
2023-12-05 21:10:58,041 Renew the board: 
-------
| | | |
-------
|O| | |
-------
| | |X|
-------

2023-12-05 21:10:58,041 Step 3: X take the turn
2023-12-05 21:10:58,041 Renew the board: 
-------
| | | |
-------
|O| | |
-------
| |X|X|
-------

2023-12-05 21:10:58,041 Step 4: O take the turn
2023-12-05 21:10:58,041 Renew the board: 
-------
| | | |
-------
|O| | |
-------
|O|X|X|
-------

2023-12-05 21:10:58,041 Step 5: X take the turn
2023-12-05 21:10:58,041 Renew the board: 
-------
| | | |
-------
|O|X| |
-------
|O|X|X|
-------

2023-12-05 21:10:58,041 Step 6: O take the turn
2023-12-05 21:10:58,042 Renew the board: 
-------
| |O| |
-------
|O|X| |
-------
|O|X|X|
-------

2023-12-05 21:10:58,042 Step 7: X take the turn
2023-12-05 21:10:58,042 Renew the board: 
-------
|X|O| |
-------
|O|X| |
-------
|O|X|X|
-------

2023-12-05 21:10:58,057 The winner is: X
