2023-12-05 21:11:34,530 Two player mode
2023-12-05 21:11:34,532 Step 1: X take the turn
2023-12-05 21:11:34,533 Renew the board: 
-------
| | | |
-------
|X| | |
-------
| | | |
-------

2023-12-05 21:11:34,533 Starting point: [1, 0]
2023-12-05 21:11:34,533 Step 2: O take the turn
2023-12-05 21:11:34,533 Renew the board: 
-------
|O| | |
-------
|X| | |
-------
| | | |
-------

2023-12-05 21:11:34,534 Step 3: X take the turn
2023-12-05 21:11:34,534 Renew the board: 
-------
|O| | |
-------
|X| | |
-------
| |X| |
-------

2023-12-05 21:11:34,534 Step 4: O take the turn
2023-12-05 21:11:34,534 Renew the board: 
-------
|O| | |
-------
|X| | |
-------
|O|X| |
-------

2023-12-05 21:11:34,534 Step 5: X take the turn
2023-12-05 21:11:34,534 Renew the board: 
-------
|O| | |
-------
|X|X| |
-------
|O|X| |
-------

2023-12-05 21:11:34,534 Step 6: O take the turn
2023-12-05 21:11:34,534 Renew the board: 
-------
|O|O| |
-------
|X|X| |
-------
|O|X| |
-------

2023-12-05 21:11:34,535 Step 7: X take the turn
2023-12-05 21:11:34,535 Renew the board: 
-------
|O|O| |
-------
|X|X| |
-------
|O|X|X|
-------

2023-12-05 21:11:34,535 Step 8: O take the turn
2023-12-05 21:11:34,535 Renew the board: 
-------
|O|O|O|
-------
|X|X| |
-------
|O|X|X|
-------

2023-12-05 21:11:34,557 The winner is: O
