2023-11-27 13:57:01,377 Two player mode
2023-11-27 13:57:01,379 Step 1: X take the turn
2023-11-27 13:57:01,380 Renew the board: 
-------
| | | |
-------
|X| | |
-------
| | | |
-------

2023-11-27 13:57:01,380 Step 2: O take the turn
2023-11-27 13:57:01,380 Renew the board: 
-------
| | | |
-------
|X| |O|
-------
| | | |
-------

2023-11-27 13:57:01,380 Step 3: X take the turn
2023-11-27 13:57:01,380 Renew the board: 
-------
| | | |
-------
|X| |O|
-------
| | |X|
-------

2023-11-27 13:57:01,380 Step 4: O take the turn
2023-11-27 13:57:01,380 Renew the board: 
-------
| | | |
-------
|X|O|O|
-------
| | |X|
-------

2023-11-27 13:57:01,380 Step 5: X take the turn
2023-11-27 13:57:01,380 Renew the board: 
-------
|X| | |
-------
|X|O|O|
-------
| | |X|
-------

2023-11-27 13:57:01,381 Step 6: O take the turn
2023-11-27 13:57:01,381 Renew the board: 
-------
|X|O| |
-------
|X|O|O|
-------
| | |X|
-------

2023-11-27 13:57:01,381 Step 7: X take the turn
2023-11-27 13:57:01,381 Renew the board: 
-------
|X|O| |
-------
|X|O|O|
-------
|X| |X|
-------

2023-11-27 13:57:01,384 The winner is: X
