2023-11-27 13:53:23,507 Two player mode
2023-11-27 13:53:23,510 Step 1: X take the turn
2023-11-27 13:53:23,511 Renew the board: 
-------
| | | |
-------
| | | |
-------
| | |X|
-------

2023-11-27 13:53:23,511 Step 2: O take the turn
2023-11-27 13:53:23,511 Renew the board: 
-------
| | | |
-------
|O| | |
-------
| | |X|
-------

2023-11-27 13:53:23,511 Step 3: X take the turn
2023-11-27 13:53:23,511 Renew the board: 
-------
| | | |
-------
|O| | |
-------
|X| |X|
-------

2023-11-27 13:53:23,511 Step 4: O take the turn
2023-11-27 13:53:23,512 Renew the board: 
-------
| | | |
-------
|O|O| |
-------
|X| |X|
-------

2023-11-27 13:53:23,512 Step 5: X take the turn
2023-11-27 13:53:23,512 Renew the board: 
-------
| | |X|
-------
|O|O| |
-------
|X| |X|
-------

2023-11-27 13:53:23,512 Step 6: O take the turn
2023-11-27 13:53:23,512 Renew the board: 
-------
|O| |X|
-------
|O|O| |
-------
|X| |X|
-------

2023-11-27 13:53:23,512 Step 7: X take the turn
2023-11-27 13:53:23,512 Renew the board: 
-------
|O| |X|
-------
|O|O| |
-------
|X|X|X|
-------

2023-11-27 13:53:23,513 The winner is: X
