2023-12-05 21:13:03,926 Two player mode
2023-12-05 21:13:03,929 Step 1: X take the turn
2023-12-05 21:13:03,929 Renew the board: 
-------
| | | |
-------
| | | |
-------
| | |X|
-------

2023-12-05 21:13:03,930 Starting point: [2, 2]
2023-12-05 21:13:03,930 Step 2: O take the turn
2023-12-05 21:13:03,930 Renew the board: 
-------
| | | |
-------
|O| | |
-------
| | |X|
-------

2023-12-05 21:13:03,930 Step 3: X take the turn
2023-12-05 21:13:03,930 Renew the board: 
-------
| | |X|
-------
|O| | |
-------
| | |X|
-------

2023-12-05 21:13:03,931 Step 4: O take the turn
2023-12-05 21:13:03,931 Renew the board: 
-------
| | |X|
-------
|O| |O|
-------
| | |X|
-------

2023-12-05 21:13:03,931 Step 5: X take the turn
2023-12-05 21:13:03,931 Renew the board: 
-------
| |X|X|
-------
|O| |O|
-------
| | |X|
-------

2023-12-05 21:13:03,931 Step 6: O take the turn
2023-12-05 21:13:03,932 Renew the board: 
-------
| |X|X|
-------
|O| |O|
-------
|O| |X|
-------

2023-12-05 21:13:03,932 Step 7: X take the turn
2023-12-05 21:13:03,932 Renew the board: 
-------
|X|X|X|
-------
|O| |O|
-------
|O| |X|
-------

2023-12-05 21:13:03,947 The winner is: X
