2023-12-05 21:11:57,033 Two player mode
2023-12-05 21:11:57,034 Step 1: X take the turn
2023-12-05 21:11:57,034 Renew the board: 
-------
| |X| |
-------
| | | |
-------
| | | |
-------

2023-12-05 21:11:57,034 Starting point: [0, 1]
2023-12-05 21:11:57,034 Step 2: O take the turn
2023-12-05 21:11:57,034 Renew the board: 
-------
| |X| |
-------
| | | |
-------
| | |O|
-------

2023-12-05 21:11:57,034 Step 3: X take the turn
2023-12-05 21:11:57,034 Renew the board: 
-------
| |X| |
-------
|X| | |
-------
| | |O|
-------

2023-12-05 21:11:57,034 Step 4: O take the turn
2023-12-05 21:11:57,035 Renew the board: 
-------
| |X|O|
-------
|X| | |
-------
| | |O|
-------

2023-12-05 21:11:57,035 Step 5: X take the turn
2023-12-05 21:11:57,035 Renew the board: 
-------
| |X|O|
-------
|X|X| |
-------
| | |O|
-------

2023-12-05 21:11:57,035 Step 6: O take the turn
2023-12-05 21:11:57,035 Renew the board: 
-------
| |X|O|
-------
|X|X| |
-------
| |O|O|
-------

2023-12-05 21:11:57,035 Step 7: X take the turn
2023-12-05 21:11:57,035 Renew the board: 
-------
|X|X|O|
-------
|X|X| |
-------
| |O|O|
-------

2023-12-05 21:11:57,035 Step 8: O take the turn
2023-12-05 21:11:57,035 Renew the board: 
-------
|X|X|O|
-------
|X|X|O|
-------
| |O|O|
-------

2023-12-05 21:11:57,059 The winner is: O
