2023-11-27 13:56:49,844 Two player mode
2023-11-27 13:56:49,847 Step 1: X take the turn
2023-11-27 13:56:49,849 Renew the board: 
-------
| | | |
-------
|X| | |
-------
| | | |
-------

2023-11-27 13:56:49,849 Step 2: O take the turn
2023-11-27 13:56:49,849 Renew the board: 
-------
| | |O|
-------
|X| | |
-------
| | | |
-------

2023-11-27 13:56:49,849 Step 3: X take the turn
2023-11-27 13:56:49,850 Renew the board: 
-------
| | |O|
-------
|X| | |
-------
|X| | |
-------

2023-11-27 13:56:49,850 Step 4: O take the turn
2023-11-27 13:56:49,850 Renew the board: 
-------
| | |O|
-------
|X| |O|
-------
|X| | |
-------

2023-11-27 13:56:49,850 Step 5: X take the turn
2023-11-27 13:56:49,850 Renew the board: 
-------
| | |O|
-------
|X|X|O|
-------
|X| | |
-------

2023-11-27 13:56:49,850 Step 6: O take the turn
2023-11-27 13:56:49,850 Renew the board: 
-------
| | |O|
-------
|X|X|O|
-------
|X| |O|
-------

2023-11-27 13:56:49,853 The winner is: O
