2023-11-27 13:54:42,989 Two player mode
2023-11-27 13:54:42,991 Step 1: X take the turn
2023-11-27 13:54:42,992 Renew the board: 
-------
| | | |
-------
| | | |
-------
|X| | |
-------

2023-11-27 13:54:42,992 Step 2: O take the turn
2023-11-27 13:54:42,992 Renew the board: 
-------
| | | |
-------
| |O| |
-------
|X| | |
-------

2023-11-27 13:54:42,992 Step 3: X take the turn
2023-11-27 13:54:42,992 Renew the board: 
-------
| | | |
-------
|X|O| |
-------
|X| | |
-------

2023-11-27 13:54:42,993 Step 4: O take the turn
2023-11-27 13:54:42,993 Renew the board: 
-------
| | |O|
-------
|X|O| |
-------
|X| | |
-------

2023-11-27 13:54:42,993 Step 5: X take the turn
2023-11-27 13:54:42,993 Renew the board: 
-------
| | |O|
-------
|X|O|X|
-------
|X| | |
-------

2023-11-27 13:54:42,993 Step 6: O take the turn
2023-11-27 13:54:42,993 Renew the board: 
-------
| | |O|
-------
|X|O|X|
-------
|X| |O|
-------

2023-11-27 13:54:42,993 Step 7: X take the turn
2023-11-27 13:54:42,993 Renew the board: 
-------
|X| |O|
-------
|X|O|X|
-------
|X| |O|
-------

2023-11-27 13:54:42,995 The winner is: X
