2023-12-05 21:13:44,065 Two player mode
2023-12-05 21:13:44,067 Step 1: X take the turn
2023-12-05 21:13:44,068 Renew the board: 
-------
| | | |
-------
| |X| |
-------
| | | |
-------

2023-12-05 21:13:44,069 Starting point: [1, 1]
2023-12-05 21:13:44,069 Step 2: O take the turn
2023-12-05 21:13:44,069 Renew the board: 
-------
| | | |
-------
| |X| |
-------
|O| | |
-------

2023-12-05 21:13:44,069 Step 3: X take the turn
2023-12-05 21:13:44,069 Renew the board: 
-------
| | | |
-------
|X|X| |
-------
|O| | |
-------

2023-12-05 21:13:44,069 Step 4: O take the turn
2023-12-05 21:13:44,069 Renew the board: 
-------
| | | |
-------
|X|X| |
-------
|O| |O|
-------

2023-12-05 21:13:44,069 Step 5: X take the turn
2023-12-05 21:13:44,069 Renew the board: 
-------
| | | |
-------
|X|X| |
-------
|O|X|O|
-------

2023-12-05 21:13:44,069 Step 6: O take the turn
2023-12-05 21:13:44,070 Renew the board: 
-------
| | |O|
-------
|X|X| |
-------
|O|X|O|
-------

2023-12-05 21:13:44,070 Step 7: X take the turn
2023-12-05 21:13:44,070 Renew the board: 
-------
|X| |O|
-------
|X|X| |
-------
|O|X|O|
-------

2023-12-05 21:13:44,070 Step 8: O take the turn
2023-12-05 21:13:44,070 Renew the board: 
-------
|X| |O|
-------
|X|X|O|
-------
|O|X|O|
-------

2023-12-05 21:13:44,087 The winner is: O
