2023-11-27 13:56:37,489 Two player mode
2023-11-27 13:56:37,492 Step 1: X take the turn
2023-11-27 13:56:37,493 Renew the board: 
-------
| | | |
-------
| | |X|
-------
| | | |
-------

2023-11-27 13:56:37,494 Step 2: O take the turn
2023-11-27 13:56:37,494 Renew the board: 
-------
| | | |
-------
| |O|X|
-------
| | | |
-------

2023-11-27 13:56:37,494 Step 3: X take the turn
2023-11-27 13:56:37,494 Renew the board: 
-------
| | | |
-------
|X|O|X|
-------
| | | |
-------

2023-11-27 13:56:37,494 Step 4: O take the turn
2023-11-27 13:56:37,494 Renew the board: 
-------
| | | |
-------
|X|O|X|
-------
| | |O|
-------

2023-11-27 13:56:37,494 Step 5: X take the turn
2023-11-27 13:56:37,494 Renew the board: 
-------
| | | |
-------
|X|O|X|
-------
|X| |O|
-------

2023-11-27 13:56:37,494 Step 6: O take the turn
2023-11-27 13:56:37,494 Renew the board: 
-------
| | | |
-------
|X|O|X|
-------
|X|O|O|
-------

2023-11-27 13:56:37,495 Step 7: X take the turn
2023-11-27 13:56:37,495 Renew the board: 
-------
| |X| |
-------
|X|O|X|
-------
|X|O|O|
-------

2023-11-27 13:56:37,495 Step 8: O take the turn
2023-11-27 13:56:37,495 Renew the board: 
-------
| |X|O|
-------
|X|O|X|
-------
|X|O|O|
-------

2023-11-27 13:56:37,495 Step 9: X take the turn
2023-11-27 13:56:37,495 Renew the board: 
-------
|X|X|O|
-------
|X|O|X|
-------
|X|O|O|
-------

2023-11-27 13:56:37,496 The winner is: X
