2023-12-05 21:13:47,357 Two player mode
2023-12-05 21:13:47,357 Step 1: X take the turn
2023-12-05 21:13:47,357 Renew the board: 
-------
| | | |
-------
| | |X|
-------
| | | |
-------

2023-12-05 21:13:47,358 Starting point: [1, 2]
2023-12-05 21:13:47,358 Step 2: O take the turn
2023-12-05 21:13:47,359 Renew the board: 
-------
| | | |
-------
| | |X|
-------
| | |O|
-------

2023-12-05 21:13:47,359 Step 3: X take the turn
2023-12-05 21:13:47,359 Renew the board: 
-------
| | | |
-------
| |X|X|
-------
| | |O|
-------

2023-12-05 21:13:47,359 Step 4: O take the turn
2023-12-05 21:13:47,359 Renew the board: 
-------
| |O| |
-------
| |X|X|
-------
| | |O|
-------

2023-12-05 21:13:47,359 Step 5: X take the turn
2023-12-05 21:13:47,359 Renew the board: 
-------
| |O|X|
-------
| |X|X|
-------
| | |O|
-------

2023-12-05 21:13:47,359 Step 6: O take the turn
2023-12-05 21:13:47,360 Renew the board: 
-------
| |O|X|
-------
| |X|X|
-------
|O| |O|
-------

2023-12-05 21:13:47,360 Step 7: X take the turn
2023-12-05 21:13:47,360 Renew the board: 
-------
| |O|X|
-------
|X|X|X|
-------
|O| |O|
-------

2023-12-05 21:13:47,373 The winner is: X
