2023-11-27 13:54:34,714 Two player mode
2023-11-27 13:54:34,717 Step 1: X take the turn
2023-11-27 13:54:34,718 Renew the board: 
-------
| |X| |
-------
| | | |
-------
| | | |
-------

2023-11-27 13:54:34,719 Step 2: O take the turn
2023-11-27 13:54:34,719 Renew the board: 
-------
| |X| |
-------
|O| | |
-------
| | | |
-------

2023-11-27 13:54:34,719 Step 3: X take the turn
2023-11-27 13:54:34,719 Renew the board: 
-------
| |X| |
-------
|O| | |
-------
| | |X|
-------

2023-11-27 13:54:34,720 Step 4: O take the turn
2023-11-27 13:54:34,720 Renew the board: 
-------
|O|X| |
-------
|O| | |
-------
| | |X|
-------

2023-11-27 13:54:34,720 Step 5: X take the turn
2023-11-27 13:54:34,720 Renew the board: 
-------
|O|X| |
-------
|O| | |
-------
|X| |X|
-------

2023-11-27 13:54:34,720 Step 6: O take the turn
2023-11-27 13:54:34,721 Renew the board: 
-------
|O|X| |
-------
|O| | |
-------
|X|O|X|
-------

2023-11-27 13:54:34,721 Step 7: X take the turn
2023-11-27 13:54:34,721 Renew the board: 
-------
|O|X| |
-------
|O|X| |
-------
|X|O|X|
-------

2023-11-27 13:54:34,721 Step 8: O take the turn
2023-11-27 13:54:34,722 Renew the board: 
-------
|O|X|O|
-------
|O|X| |
-------
|X|O|X|
-------

2023-11-27 13:54:34,722 Step 9: X take the turn
2023-11-27 13:54:34,723 Renew the board: 
-------
|O|X|O|
-------
|O|X|X|
-------
|X|O|X|
-------

2023-11-27 13:54:34,725 Draw!
