2023-11-27 13:56:59,208 Two player mode
2023-11-27 13:56:59,211 Step 1: X take the turn
2023-11-27 13:56:59,212 Renew the board: 
-------
| |X| |
-------
| | | |
-------
| | | |
-------

2023-11-27 13:56:59,212 Step 2: O take the turn
2023-11-27 13:56:59,212 Renew the board: 
-------
| |X| |
-------
| | | |
-------
| |O| |
-------

2023-11-27 13:56:59,212 Step 3: X take the turn
2023-11-27 13:56:59,213 Renew the board: 
-------
| |X| |
-------
| | | |
-------
|X|O| |
-------

2023-11-27 13:56:59,213 Step 4: O take the turn
2023-11-27 13:56:59,213 Renew the board: 
-------
| |X|O|
-------
| | | |
-------
|X|O| |
-------

2023-11-27 13:56:59,213 Step 5: X take the turn
2023-11-27 13:56:59,213 Renew the board: 
-------
| |X|O|
-------
| | |X|
-------
|X|O| |
-------

2023-11-27 13:56:59,213 Step 6: O take the turn
2023-11-27 13:56:59,213 Renew the board: 
-------
|O|X|O|
-------
| | |X|
-------
|X|O| |
-------

2023-11-27 13:56:59,213 Step 7: X take the turn
2023-11-27 13:56:59,213 Renew the board: 
-------
|O|X|O|
-------
| |X|X|
-------
|X|O| |
-------

2023-11-27 13:56:59,213 Step 8: O take the turn
2023-11-27 13:56:59,213 Renew the board: 
-------
|O|X|O|
-------
| |X|X|
-------
|X|O|O|
-------

2023-11-27 13:56:59,213 Step 9: X take the turn
2023-11-27 13:56:59,213 Renew the board: 
-------
|O|X|O|
-------
|X|X|X|
-------
|X|O|O|
-------

2023-11-27 13:56:59,216 The winner is: X
