2023-12-05 21:11:27,890 Two player mode
2023-12-05 21:11:27,892 Step 1: X take the turn
2023-12-05 21:11:27,893 Renew the board: 
-------
| |X| |
-------
| | | |
-------
| | | |
-------

2023-12-05 21:11:27,893 Starting point: [0, 1]
2023-12-05 21:11:27,893 Step 2: O take the turn
2023-12-05 21:11:27,894 Renew the board: 
-------
| |X| |
-------
| | | |
-------
| | |O|
-------

2023-12-05 21:11:27,894 Step 3: X take the turn
2023-12-05 21:11:27,894 Renew the board: 
-------
| |X| |
-------
|X| | |
-------
| | |O|
-------

2023-12-05 21:11:27,894 Step 4: O take the turn
2023-12-05 21:11:27,894 Renew the board: 
-------
| |X| |
-------
|X| | |
-------
|O| |O|
-------

2023-12-05 21:11:27,894 Step 5: X take the turn
2023-12-05 21:11:27,894 Renew the board: 
-------
| |X| |
-------
|X| | |
-------
|O|X|O|
-------

2023-12-05 21:11:27,894 Step 6: O take the turn
2023-12-05 21:11:27,895 Renew the board: 
-------
| |X| |
-------
|X| |O|
-------
|O|X|O|
-------

2023-12-05 21:11:27,895 Step 7: X take the turn
2023-12-05 21:11:27,895 Renew the board: 
-------
| |X|X|
-------
|X| |O|
-------
|O|X|O|
-------

2023-12-05 21:11:27,895 Step 8: O take the turn
2023-12-05 21:11:27,895 Renew the board: 
-------
|O|X|X|
-------
|X| |O|
-------
|O|X|O|
-------

2023-12-05 21:11:27,895 Step 9: X take the turn
2023-12-05 21:11:27,895 Renew the board: 
-------
|O|X|X|
-------
|X|X|O|
-------
|O|X|O|
-------

2023-12-05 21:11:27,912 The winner is: X
