2023-12-05 21:05:15,931 Two player mode
2023-12-05 21:05:15,933 Step 1: X take the turn
2023-12-05 21:05:15,934 Renew the board: 
-------
| | | |
-------
|X| | |
-------
| | | |
-------

2023-12-05 21:05:15,935 Starting point: [1, 0]
2023-12-05 21:05:15,935 Step 2: O take the turn
2023-12-05 21:05:15,935 Renew the board: 
-------
| | | |
-------
|X| | |
-------
| | |O|
-------

2023-12-05 21:05:15,936 Step 3: X take the turn
2023-12-05 21:05:15,936 Renew the board: 
-------
|X| | |
-------
|X| | |
-------
| | |O|
-------

2023-12-05 21:05:15,936 Step 4: O take the turn
2023-12-05 21:05:15,936 Renew the board: 
-------
|X| | |
-------
|X|O| |
-------
| | |O|
-------

2023-12-05 21:05:15,936 Step 5: X take the turn
2023-12-05 21:05:15,937 Renew the board: 
-------
|X| | |
-------
|X|O| |
-------
| |X|O|
-------

2023-12-05 21:05:15,937 Step 6: O take the turn
2023-12-05 21:05:15,937 Renew the board: 
-------
|X| | |
-------
|X|O|O|
-------
| |X|O|
-------

2023-12-05 21:05:15,937 Step 7: X take the turn
2023-12-05 21:05:15,937 Renew the board: 
-------
|X| | |
-------
|X|O|O|
-------
|X|X|O|
-------

2023-12-05 21:05:15,960 The winner is: X
