2023-12-05 21:11:10,748 Two player mode
2023-12-05 21:11:10,751 Step 1: X take the turn
2023-12-05 21:11:10,752 Renew the board: 
-------
| | | |
-------
| |X| |
-------
| | | |
-------

2023-12-05 21:11:10,752 Starting point: [1, 1]
2023-12-05 21:11:10,752 Step 2: O take the turn
2023-12-05 21:11:10,752 Renew the board: 
-------
| | | |
-------
| |X| |
-------
| | |O|
-------

2023-12-05 21:11:10,753 Step 3: X take the turn
2023-12-05 21:11:10,753 Renew the board: 
-------
| | | |
-------
| |X| |
-------
|X| |O|
-------

2023-12-05 21:11:10,753 Step 4: O take the turn
2023-12-05 21:11:10,753 Renew the board: 
-------
|O| | |
-------
| |X| |
-------
|X| |O|
-------

2023-12-05 21:11:10,753 Step 5: X take the turn
2023-12-05 21:11:10,753 Renew the board: 
-------
|O| | |
-------
| |X|X|
-------
|X| |O|
-------

2023-12-05 21:11:10,753 Step 6: O take the turn
2023-12-05 21:11:10,753 Renew the board: 
-------
|O| |O|
-------
| |X|X|
-------
|X| |O|
-------

2023-12-05 21:11:10,753 Step 7: X take the turn
2023-12-05 21:11:10,753 Renew the board: 
-------
|O| |O|
-------
| |X|X|
-------
|X|X|O|
-------

2023-12-05 21:11:10,753 Step 8: O take the turn
2023-12-05 21:11:10,753 Renew the board: 
-------
|O| |O|
-------
|O|X|X|
-------
|X|X|O|
-------

2023-12-05 21:11:10,753 Step 9: X take the turn
2023-12-05 21:11:10,754 Renew the board: 
-------
|O|X|O|
-------
|O|X|X|
-------
|X|X|O|
-------

2023-12-05 21:11:10,771 The winner is: X
