2023-12-05 21:12:51,565 Two player mode
2023-12-05 21:12:51,569 Step 1: X take the turn
2023-12-05 21:12:51,571 Renew the board: 
-------
| | | |
-------
| |X| |
-------
| | | |
-------

2023-12-05 21:12:51,571 Starting point: [1, 1]
2023-12-05 21:12:51,571 Step 2: O take the turn
2023-12-05 21:12:51,571 Renew the board: 
-------
|O| | |
-------
| |X| |
-------
| | | |
-------

2023-12-05 21:12:51,571 Step 3: X take the turn
2023-12-05 21:12:51,572 Renew the board: 
-------
|O| |X|
-------
| |X| |
-------
| | | |
-------

2023-12-05 21:12:51,572 Step 4: O take the turn
2023-12-05 21:12:51,572 Renew the board: 
-------
|O| |X|
-------
| |X| |
-------
|O| | |
-------

2023-12-05 21:12:51,572 Step 5: X take the turn
2023-12-05 21:12:51,572 Renew the board: 
-------
|O| |X|
-------
| |X|X|
-------
|O| | |
-------

2023-12-05 21:12:51,572 Step 6: O take the turn
2023-12-05 21:12:51,572 Renew the board: 
-------
|O|O|X|
-------
| |X|X|
-------
|O| | |
-------

2023-12-05 21:12:51,572 Step 7: X take the turn
2023-12-05 21:12:51,572 Renew the board: 
-------
|O|O|X|
-------
| |X|X|
-------
|O|X| |
-------

2023-12-05 21:12:51,572 Step 8: O take the turn
2023-12-05 21:12:51,572 Renew the board: 
-------
|O|O|X|
-------
| |X|X|
-------
|O|X|O|
-------

2023-12-05 21:12:51,573 Step 9: X take the turn
2023-12-05 21:12:51,573 Renew the board: 
-------
|O|O|X|
-------
|X|X|X|
-------
|O|X|O|
-------

2023-12-05 21:12:51,591 The winner is: X
