2023-12-05 21:11:01,062 Two player mode
2023-12-05 21:11:01,064 Step 1: X take the turn
2023-12-05 21:11:01,065 Renew the board: 
-------
| | | |
-------
| | | |
-------
|X| | |
-------

2023-12-05 21:11:01,065 Starting point: [2, 0]
2023-12-05 21:11:01,066 Step 2: O take the turn
2023-12-05 21:11:01,066 Renew the board: 
-------
| | | |
-------
| | | |
-------
|X|O| |
-------

2023-12-05 21:11:01,066 Step 3: X take the turn
2023-12-05 21:11:01,068 Renew the board: 
-------
|X| | |
-------
| | | |
-------
|X|O| |
-------

2023-12-05 21:11:01,068 Step 4: O take the turn
2023-12-05 21:11:01,068 Renew the board: 
-------
|X|O| |
-------
| | | |
-------
|X|O| |
-------

2023-12-05 21:11:01,069 Step 5: X take the turn
2023-12-05 21:11:01,069 Renew the board: 
-------
|X|O| |
-------
| | |X|
-------
|X|O| |
-------

2023-12-05 21:11:01,069 Step 6: O take the turn
2023-12-05 21:11:01,069 Renew the board: 
-------
|X|O| |
-------
| | |X|
-------
|X|O|O|
-------

2023-12-05 21:11:01,069 Step 7: X take the turn
2023-12-05 21:11:01,069 Renew the board: 
-------
|X|O| |
-------
| |X|X|
-------
|X|O|O|
-------

2023-12-05 21:11:01,069 Step 8: O take the turn
2023-12-05 21:11:01,069 Renew the board: 
-------
|X|O|O|
-------
| |X|X|
-------
|X|O|O|
-------

2023-12-05 21:11:01,069 Step 9: X take the turn
2023-12-05 21:11:01,069 Renew the board: 
-------
|X|O|O|
-------
|X|X|X|
-------
|X|O|O|
-------

2023-12-05 21:11:01,087 The winner is: X
