2023-12-05 21:11:17,652 Two player mode
2023-12-05 21:11:17,652 Step 1: X take the turn
2023-12-05 21:11:17,653 Renew the board: 
-------
| | | |
-------
|X| | |
-------
| | | |
-------

2023-12-05 21:11:17,653 Starting point: [1, 0]
2023-12-05 21:11:17,653 Step 2: O take the turn
2023-12-05 21:11:17,653 Renew the board: 
-------
|O| | |
-------
|X| | |
-------
| | | |
-------

2023-12-05 21:11:17,653 Step 3: X take the turn
2023-12-05 21:11:17,653 Renew the board: 
-------
|O| |X|
-------
|X| | |
-------
| | | |
-------

2023-12-05 21:11:17,653 Step 4: O take the turn
2023-12-05 21:11:17,653 Renew the board: 
-------
|O| |X|
-------
|X|O| |
-------
| | | |
-------

2023-12-05 21:11:17,653 Step 5: X take the turn
2023-12-05 21:11:17,653 Renew the board: 
-------
|O| |X|
-------
|X|O| |
-------
| |X| |
-------

2023-12-05 21:11:17,653 Step 6: O take the turn
2023-12-05 21:11:17,653 Renew the board: 
-------
|O|O|X|
-------
|X|O| |
-------
| |X| |
-------

2023-12-05 21:11:17,653 Step 7: X take the turn
2023-12-05 21:11:17,653 Renew the board: 
-------
|O|O|X|
-------
|X|O| |
-------
|X|X| |
-------

2023-12-05 21:11:17,653 Step 8: O take the turn
2023-12-05 21:11:17,654 Renew the board: 
-------
|O|O|X|
-------
|X|O|O|
-------
|X|X| |
-------

2023-12-05 21:11:17,654 Step 9: X take the turn
2023-12-05 21:11:17,654 Renew the board: 
-------
|O|O|X|
-------
|X|O|O|
-------
|X|X|X|
-------

2023-12-05 21:11:17,677 The winner is: X
