2023-11-27 13:56:42,416 Two player mode
2023-11-27 13:56:42,419 Step 1: X take the turn
2023-11-27 13:56:42,419 Renew the board: 
-------
| | |X|
-------
| | | |
-------
| | | |
-------

2023-11-27 13:56:42,419 Step 2: O take the turn
2023-11-27 13:56:42,420 Renew the board: 
-------
| | |X|
-------
| |O| |
-------
| | | |
-------

2023-11-27 13:56:42,420 Step 3: X take the turn
2023-11-27 13:56:42,420 Renew the board: 
-------
| | |X|
-------
| |O| |
-------
| | |X|
-------

2023-11-27 13:56:42,420 Step 4: O take the turn
2023-11-27 13:56:42,420 Renew the board: 
-------
| | |X|
-------
| |O|O|
-------
| | |X|
-------

2023-11-27 13:56:42,420 Step 5: X take the turn
2023-11-27 13:56:42,420 Renew the board: 
-------
|X| |X|
-------
| |O|O|
-------
| | |X|
-------

2023-11-27 13:56:42,420 Step 6: O take the turn
2023-11-27 13:56:42,420 Renew the board: 
-------
|X| |X|
-------
|O|O|O|
-------
| | |X|
-------

2023-11-27 13:56:42,421 The winner is: O
