2023-12-05 21:11:50,282 Two player mode
2023-12-05 21:11:50,284 Step 1: X take the turn
2023-12-05 21:11:50,285 Renew the board: 
-------
| | | |
-------
| | | |
-------
| | |X|
-------

2023-12-05 21:11:50,285 Starting point: [2, 2]
2023-12-05 21:11:50,285 Step 2: O take the turn
2023-12-05 21:11:50,285 Renew the board: 
-------
| | | |
-------
| | | |
-------
| |O|X|
-------

2023-12-05 21:11:50,285 Step 3: X take the turn
2023-12-05 21:11:50,285 Renew the board: 
-------
| | |X|
-------
| | | |
-------
| |O|X|
-------

2023-12-05 21:11:50,285 Step 4: O take the turn
2023-12-05 21:11:50,285 Renew the board: 
-------
| | |X|
-------
| |O| |
-------
| |O|X|
-------

2023-12-05 21:11:50,285 Step 5: X take the turn
2023-12-05 21:11:50,286 Renew the board: 
-------
| |X|X|
-------
| |O| |
-------
| |O|X|
-------

2023-12-05 21:11:50,286 Step 6: O take the turn
2023-12-05 21:11:50,286 Renew the board: 
-------
| |X|X|
-------
| |O| |
-------
|O|O|X|
-------

2023-12-05 21:11:50,286 Step 7: X take the turn
2023-12-05 21:11:50,286 Renew the board: 
-------
|X|X|X|
-------
| |O| |
-------
|O|O|X|
-------

2023-12-05 21:11:50,305 The winner is: X
