2023-12-05 21:11:47,258 Two player mode
2023-12-05 21:11:47,260 Step 1: X take the turn
2023-12-05 21:11:47,261 Renew the board: 
-------
| |X| |
-------
| | | |
-------
| | | |
-------

2023-12-05 21:11:47,261 Starting point: [0, 1]
2023-12-05 21:11:47,261 Step 2: O take the turn
2023-12-05 21:11:47,262 Renew the board: 
-------
| |X|O|
-------
| | | |
-------
| | | |
-------

2023-12-05 21:11:47,262 Step 3: X take the turn
2023-12-05 21:11:47,262 Renew the board: 
-------
| |X|O|
-------
| | | |
-------
| |X| |
-------

2023-12-05 21:11:47,262 Step 4: O take the turn
2023-12-05 21:11:47,262 Renew the board: 
-------
| |X|O|
-------
| | |O|
-------
| |X| |
-------

2023-12-05 21:11:47,262 Step 5: X take the turn
2023-12-05 21:11:47,262 Renew the board: 
-------
| |X|O|
-------
| | |O|
-------
|X|X| |
-------

2023-12-05 21:11:47,262 Step 6: O take the turn
2023-12-05 21:11:47,262 Renew the board: 
-------
| |X|O|
-------
| |O|O|
-------
|X|X| |
-------

2023-12-05 21:11:47,262 Step 7: X take the turn
2023-12-05 21:11:47,262 Renew the board: 
-------
| |X|O|
-------
|X|O|O|
-------
|X|X| |
-------

2023-12-05 21:11:47,263 Step 8: O take the turn
2023-12-05 21:11:47,263 Renew the board: 
-------
|O|X|O|
-------
|X|O|O|
-------
|X|X| |
-------

2023-12-05 21:11:47,263 Step 9: X take the turn
2023-12-05 21:11:47,263 Renew the board: 
-------
|O|X|O|
-------
|X|O|O|
-------
|X|X|X|
-------

2023-12-05 21:11:47,281 The winner is: X
