2023-12-05 21:13:00,972 Two player mode
2023-12-05 21:13:00,974 Step 1: X take the turn
2023-12-05 21:13:00,975 Renew the board: 
-------
| | | |
-------
| | |X|
-------
| | | |
-------

2023-12-05 21:13:00,975 Starting point: [1, 2]
2023-12-05 21:13:00,975 Step 2: O take the turn
2023-12-05 21:13:00,975 Renew the board: 
-------
| | | |
-------
| | |X|
-------
|O| | |
-------

2023-12-05 21:13:00,975 Step 3: X take the turn
2023-12-05 21:13:00,975 Renew the board: 
-------
| | | |
-------
| |X|X|
-------
|O| | |
-------

2023-12-05 21:13:00,975 Step 4: O take the turn
2023-12-05 21:13:00,976 Renew the board: 
-------
| | |O|
-------
| |X|X|
-------
|O| | |
-------

2023-12-05 21:13:00,976 Step 5: X take the turn
2023-12-05 21:13:00,976 Renew the board: 
-------
| | |O|
-------
| |X|X|
-------
|O| |X|
-------

2023-12-05 21:13:00,976 Step 6: O take the turn
2023-12-05 21:13:00,976 Renew the board: 
-------
| | |O|
-------
|O|X|X|
-------
|O| |X|
-------

2023-12-05 21:13:00,976 Step 7: X take the turn
2023-12-05 21:13:00,976 Renew the board: 
-------
|X| |O|
-------
|O|X|X|
-------
|O| |X|
-------

2023-12-05 21:13:00,994 The winner is: X
