2023-11-27 13:54:37,442 Two player mode
2023-11-27 13:54:37,442 Step 1: X take the turn
2023-11-27 13:54:37,443 Renew the board: 
-------
| | | |
-------
| | | |
-------
|X| | |
-------

2023-11-27 13:54:37,443 Step 2: O take the turn
2023-11-27 13:54:37,443 Renew the board: 
-------
|O| | |
-------
| | | |
-------
|X| | |
-------

2023-11-27 13:54:37,443 Step 3: X take the turn
2023-11-27 13:54:37,443 Renew the board: 
-------
|O| | |
-------
| | |X|
-------
|X| | |
-------

2023-11-27 13:54:37,443 Step 4: O take the turn
2023-11-27 13:54:37,443 Renew the board: 
-------
|O| | |
-------
|O| |X|
-------
|X| | |
-------

2023-11-27 13:54:37,443 Step 5: X take the turn
2023-11-27 13:54:37,443 Renew the board: 
-------
|O| | |
-------
|O|X|X|
-------
|X| | |
-------

2023-11-27 13:54:37,443 Step 6: O take the turn
2023-11-27 13:54:37,443 Renew the board: 
-------
|O| | |
-------
|O|X|X|
-------
|X|O| |
-------

2023-11-27 13:54:37,443 Step 7: X take the turn
2023-11-27 13:54:37,444 Renew the board: 
-------
|O|X| |
-------
|O|X|X|
-------
|X|O| |
-------

2023-11-27 13:54:37,444 Step 8: O take the turn
2023-11-27 13:54:37,444 Renew the board: 
-------
|O|X| |
-------
|O|X|X|
-------
|X|O|O|
-------

2023-11-27 13:54:37,444 Step 9: X take the turn
2023-11-27 13:54:37,444 Renew the board: 
-------
|O|X|X|
-------
|O|X|X|
-------
|X|O|O|
-------

2023-11-27 13:54:37,445 The winner is: X
