2023-12-05 21:11:40,898 Two player mode
2023-12-05 21:11:40,901 Step 1: X take the turn
2023-12-05 21:11:40,901 Renew the board: 
-------
| | | |
-------
|X| | |
-------
| | | |
-------

2023-12-05 21:11:40,902 Starting point: [1, 0]
2023-12-05 21:11:40,902 Step 2: O take the turn
2023-12-05 21:11:40,902 Renew the board: 
-------
| | | |
-------
|X| | |
-------
|O| | |
-------

2023-12-05 21:11:40,903 Step 3: X take the turn
2023-12-05 21:11:40,903 Renew the board: 
-------
| | | |
-------
|X| | |
-------
|O| |X|
-------

2023-12-05 21:11:40,903 Step 4: O take the turn
2023-12-05 21:11:40,903 Renew the board: 
-------
| | | |
-------
|X| |O|
-------
|O| |X|
-------

2023-12-05 21:11:40,903 Step 5: X take the turn
2023-12-05 21:11:40,904 Renew the board: 
-------
| | | |
-------
|X| |O|
-------
|O|X|X|
-------

2023-12-05 21:11:40,904 Step 6: O take the turn
2023-12-05 21:11:40,904 Renew the board: 
-------
| | | |
-------
|X|O|O|
-------
|O|X|X|
-------

2023-12-05 21:11:40,904 Step 7: X take the turn
2023-12-05 21:11:40,904 Renew the board: 
-------
|X| | |
-------
|X|O|O|
-------
|O|X|X|
-------

2023-12-05 21:11:40,904 Step 8: O take the turn
2023-12-05 21:11:40,904 Renew the board: 
-------
|X| |O|
-------
|X|O|O|
-------
|O|X|X|
-------

2023-12-05 21:11:40,922 The winner is: O
