2023-11-27 13:53:11,780 Two player mode
2023-11-27 13:53:11,783 Step 1: X take the turn
2023-11-27 13:53:11,784 Renew the board: 
-------
| | | |
-------
| | | |
-------
|X| | |
-------

2023-11-27 13:53:11,784 Step 2: O take the turn
2023-11-27 13:53:11,784 Renew the board: 
-------
| | | |
-------
|O| | |
-------
|X| | |
-------

2023-11-27 13:53:11,784 Step 3: X take the turn
2023-11-27 13:53:11,785 Renew the board: 
-------
| | | |
-------
|O| | |
-------
|X|X| |
-------

2023-11-27 13:53:11,785 Step 4: O take the turn
2023-11-27 13:53:11,785 Renew the board: 
-------
| | |O|
-------
|O| | |
-------
|X|X| |
-------

2023-11-27 13:53:11,785 Step 5: X take the turn
2023-11-27 13:53:11,785 Renew the board: 
-------
|X| |O|
-------
|O| | |
-------
|X|X| |
-------

2023-11-27 13:53:11,785 Step 6: O take the turn
2023-11-27 13:53:11,785 Renew the board: 
-------
|X|O|O|
-------
|O| | |
-------
|X|X| |
-------

2023-11-27 13:53:11,785 Step 7: X take the turn
2023-11-27 13:53:11,785 Renew the board: 
-------
|X|O|O|
-------
|O| | |
-------
|X|X|X|
-------

2023-11-27 13:53:11,786 The winner is: X
