2023-12-05 21:12:41,497 Two player mode
2023-12-05 21:12:41,498 Step 1: X take the turn
2023-12-05 21:12:41,499 Renew the board: 
-------
| | | |
-------
|X| | |
-------
| | | |
-------

2023-12-05 21:12:41,499 Starting point: [1, 0]
2023-12-05 21:12:41,500 Step 2: O take the turn
2023-12-05 21:12:41,500 Renew the board: 
-------
| | | |
-------
|X| |O|
-------
| | | |
-------

2023-12-05 21:12:41,500 Step 3: X take the turn
2023-12-05 21:12:41,500 Renew the board: 
-------
| |X| |
-------
|X| |O|
-------
| | | |
-------

2023-12-05 21:12:41,500 Step 4: O take the turn
2023-12-05 21:12:41,501 Renew the board: 
-------
| |X| |
-------
|X| |O|
-------
| | |O|
-------

2023-12-05 21:12:41,501 Step 5: X take the turn
2023-12-05 21:12:41,502 Renew the board: 
-------
| |X| |
-------
|X| |O|
-------
|X| |O|
-------

2023-12-05 21:12:41,502 Step 6: O take the turn
2023-12-05 21:12:41,502 Renew the board: 
-------
| |X| |
-------
|X|O|O|
-------
|X| |O|
-------

2023-12-05 21:12:41,502 Step 7: X take the turn
2023-12-05 21:12:41,502 Renew the board: 
-------
|X|X| |
-------
|X|O|O|
-------
|X| |O|
-------

2023-12-05 21:12:41,523 The winner is: X
