2023-12-05 21:13:07,031 Two player mode
2023-12-05 21:13:07,033 Step 1: X take the turn
2023-12-05 21:13:07,033 Renew the board: 
-------
| | | |
-------
| | | |
-------
|X| | |
-------

2023-12-05 21:13:07,033 Starting point: [2, 0]
2023-12-05 21:13:07,033 Step 2: O take the turn
2023-12-05 21:13:07,034 Renew the board: 
-------
| | | |
-------
| | | |
-------
|X| |O|
-------

2023-12-05 21:13:07,034 Step 3: X take the turn
2023-12-05 21:13:07,034 Renew the board: 
-------
| | | |
-------
|X| | |
-------
|X| |O|
-------

2023-12-05 21:13:07,034 Step 4: O take the turn
2023-12-05 21:13:07,034 Renew the board: 
-------
| | | |
-------
|X| |O|
-------
|X| |O|
-------

2023-12-05 21:13:07,034 Step 5: X take the turn
2023-12-05 21:13:07,034 Renew the board: 
-------
| | | |
-------
|X|X|O|
-------
|X| |O|
-------

2023-12-05 21:13:07,034 Step 6: O take the turn
2023-12-05 21:13:07,035 Renew the board: 
-------
| | | |
-------
|X|X|O|
-------
|X|O|O|
-------

2023-12-05 21:13:07,035 Step 7: X take the turn
2023-12-05 21:13:07,035 Renew the board: 
-------
| | |X|
-------
|X|X|O|
-------
|X|O|O|
-------

2023-12-05 21:13:07,053 The winner is: X
