2023-12-05 21:13:30,867 Two player mode
2023-12-05 21:13:30,869 Step 1: X take the turn
2023-12-05 21:13:30,869 Renew the board: 
-------
| | | |
-------
| | | |
-------
| |X| |
-------

2023-12-05 21:13:30,869 Starting point: [2, 1]
2023-12-05 21:13:30,869 Step 2: O take the turn
2023-12-05 21:13:30,869 Renew the board: 
-------
| | | |
-------
| | | |
-------
|O|X| |
-------

2023-12-05 21:13:30,869 Step 3: X take the turn
2023-12-05 21:13:30,870 Renew the board: 
-------
| | | |
-------
| | |X|
-------
|O|X| |
-------

2023-12-05 21:13:30,870 Step 4: O take the turn
2023-12-05 21:13:30,870 Renew the board: 
-------
| | |O|
-------
| | |X|
-------
|O|X| |
-------

2023-12-05 21:13:30,870 Step 5: X take the turn
2023-12-05 21:13:30,870 Renew the board: 
-------
| |X|O|
-------
| | |X|
-------
|O|X| |
-------

2023-12-05 21:13:30,870 Step 6: O take the turn
2023-12-05 21:13:30,870 Renew the board: 
-------
| |X|O|
-------
| | |X|
-------
|O|X|O|
-------

2023-12-05 21:13:30,870 Step 7: X take the turn
2023-12-05 21:13:30,870 Renew the board: 
-------
|X|X|O|
-------
| | |X|
-------
|O|X|O|
-------

2023-12-05 21:13:30,870 Step 8: O take the turn
2023-12-05 21:13:30,870 Renew the board: 
-------
|X|X|O|
-------
| |O|X|
-------
|O|X|O|
-------

2023-12-05 21:13:30,889 The winner is: O
