2023-12-05 21:14:01,758 Two player mode
2023-12-05 21:14:01,760 Step 1: X take the turn
2023-12-05 21:14:01,761 Renew the board: 
-------
| | | |
-------
| |X| |
-------
| | | |
-------

2023-12-05 21:14:01,761 Starting point: [1, 1]
2023-12-05 21:14:01,762 Step 2: O take the turn
2023-12-05 21:14:01,762 Renew the board: 
-------
| | |O|
-------
| |X| |
-------
| | | |
-------

2023-12-05 21:14:01,762 Step 3: X take the turn
2023-12-05 21:14:01,763 Renew the board: 
-------
| | |O|
-------
| |X|X|
-------
| | | |
-------

2023-12-05 21:14:01,763 Step 4: O take the turn
2023-12-05 21:14:01,763 Renew the board: 
-------
| | |O|
-------
| |X|X|
-------
| | |O|
-------

2023-12-05 21:14:01,763 Step 5: X take the turn
2023-12-05 21:14:01,763 Renew the board: 
-------
| | |O|
-------
| |X|X|
-------
|X| |O|
-------

2023-12-05 21:14:01,763 Step 6: O take the turn
2023-12-05 21:14:01,763 Renew the board: 
-------
| | |O|
-------
| |X|X|
-------
|X|O|O|
-------

2023-12-05 21:14:01,763 Step 7: X take the turn
2023-12-05 21:14:01,763 Renew the board: 
-------
| | |O|
-------
|X|X|X|
-------
|X|O|O|
-------

2023-12-05 21:14:01,779 The winner is: X
