2023-11-27 13:56:47,396 Two player mode
2023-11-27 13:56:47,399 Step 1: X take the turn
2023-11-27 13:56:47,400 Renew the board: 
-------
| | | |
-------
| | | |
-------
| |X| |
-------

2023-11-27 13:56:47,400 Step 2: O take the turn
2023-11-27 13:56:47,400 Renew the board: 
-------
| | |O|
-------
| | | |
-------
| |X| |
-------

2023-11-27 13:56:47,400 Step 3: X take the turn
2023-11-27 13:56:47,400 Renew the board: 
-------
| | |O|
-------
| | | |
-------
|X|X| |
-------

2023-11-27 13:56:47,400 Step 4: O take the turn
2023-11-27 13:56:47,400 Renew the board: 
-------
|O| |O|
-------
| | | |
-------
|X|X| |
-------

2023-11-27 13:56:47,401 Step 5: X take the turn
2023-11-27 13:56:47,401 Renew the board: 
-------
|O| |O|
-------
| | |X|
-------
|X|X| |
-------

2023-11-27 13:56:47,401 Step 6: O take the turn
2023-11-27 13:56:47,401 Renew the board: 
-------
|O| |O|
-------
| | |X|
-------
|X|X|O|
-------

2023-11-27 13:56:47,401 Step 7: X take the turn
2023-11-27 13:56:47,401 Renew the board: 
-------
|O| |O|
-------
| |X|X|
-------
|X|X|O|
-------

2023-11-27 13:56:47,402 Step 8: O take the turn
2023-11-27 13:56:47,402 Renew the board: 
-------
|O| |O|
-------
|O|X|X|
-------
|X|X|O|
-------

2023-11-27 13:56:47,402 Step 9: X take the turn
2023-11-27 13:56:47,402 Renew the board: 
-------
|O|X|O|
-------
|O|X|X|
-------
|X|X|O|
-------

2023-11-27 13:56:47,405 The winner is: X
