2023-11-27 13:53:07,589 Two player mode
2023-11-27 13:53:07,591 Step 1: X take the turn
2023-11-27 13:53:07,592 Renew the board: 
-------
| |X| |
-------
| | | |
-------
| | | |
-------

2023-11-27 13:53:07,592 Step 2: O take the turn
2023-11-27 13:53:07,592 Renew the board: 
-------
|O|X| |
-------
| | | |
-------
| | | |
-------

2023-11-27 13:53:07,592 Step 3: X take the turn
2023-11-27 13:53:07,592 Renew the board: 
-------
|O|X| |
-------
| | | |
-------
| | |X|
-------

2023-11-27 13:53:07,592 Step 4: O take the turn
2023-11-27 13:53:07,593 Renew the board: 
-------
|O|X| |
-------
| | |O|
-------
| | |X|
-------

2023-11-27 13:53:07,593 Step 5: X take the turn
2023-11-27 13:53:07,593 Renew the board: 
-------
|O|X|X|
-------
| | |O|
-------
| | |X|
-------

2023-11-27 13:53:07,593 Step 6: O take the turn
2023-11-27 13:53:07,593 Renew the board: 
-------
|O|X|X|
-------
| | |O|
-------
|O| |X|
-------

2023-11-27 13:53:07,593 Step 7: X take the turn
2023-11-27 13:53:07,593 Renew the board: 
-------
|O|X|X|
-------
| |X|O|
-------
|O| |X|
-------

2023-11-27 13:53:07,593 Step 8: O take the turn
2023-11-27 13:53:07,593 Renew the board: 
-------
|O|X|X|
-------
|O|X|O|
-------
|O| |X|
-------

2023-11-27 13:53:07,594 The winner is: O
