2023-11-27 13:57:12,869 Two player mode
2023-11-27 13:57:12,872 Step 1: X take the turn
2023-11-27 13:57:12,873 Renew the board: 
-------
| | | |
-------
| | |X|
-------
| | | |
-------

2023-11-27 13:57:12,873 Step 2: O take the turn
2023-11-27 13:57:12,873 Renew the board: 
-------
| | |O|
-------
| | |X|
-------
| | | |
-------

2023-11-27 13:57:12,873 Step 3: X take the turn
2023-11-27 13:57:12,874 Renew the board: 
-------
| | |O|
-------
| | |X|
-------
|X| | |
-------

2023-11-27 13:57:12,874 Step 4: O take the turn
2023-11-27 13:57:12,874 Renew the board: 
-------
| | |O|
-------
|O| |X|
-------
|X| | |
-------

2023-11-27 13:57:12,874 Step 5: X take the turn
2023-11-27 13:57:12,874 Renew the board: 
-------
| | |O|
-------
|O|X|X|
-------
|X| | |
-------

2023-11-27 13:57:12,874 Step 6: O take the turn
2023-11-27 13:57:12,874 Renew the board: 
-------
| |O|O|
-------
|O|X|X|
-------
|X| | |
-------

2023-11-27 13:57:12,874 Step 7: X take the turn
2023-11-27 13:57:12,874 Renew the board: 
-------
| |O|O|
-------
|O|X|X|
-------
|X|X| |
-------

2023-11-27 13:57:12,874 Step 8: O take the turn
2023-11-27 13:57:12,874 Renew the board: 
-------
| |O|O|
-------
|O|X|X|
-------
|X|X|O|
-------

2023-11-27 13:57:12,874 Step 9: X take the turn
2023-11-27 13:57:12,874 Renew the board: 
-------
|X|O|O|
-------
|O|X|X|
-------
|X|X|O|
-------

2023-11-27 13:57:12,877 Draw!
