2023-12-05 21:12:16,716 Two player mode
2023-12-05 21:12:16,718 Step 1: X take the turn
2023-12-05 21:12:16,719 Renew the board: 
-------
|X| | |
-------
| | | |
-------
| | | |
-------

2023-12-05 21:12:16,719 Starting point: [0, 0]
2023-12-05 21:12:16,719 Step 2: O take the turn
2023-12-05 21:12:16,719 Renew the board: 
-------
|X| | |
-------
| |O| |
-------
| | | |
-------

2023-12-05 21:12:16,719 Step 3: X take the turn
2023-12-05 21:12:16,720 Renew the board: 
-------
|X| |X|
-------
| |O| |
-------
| | | |
-------

2023-12-05 21:12:16,720 Step 4: O take the turn
2023-12-05 21:12:16,720 Renew the board: 
-------
|X| |X|
-------
| |O| |
-------
|O| | |
-------

2023-12-05 21:12:16,720 Step 5: X take the turn
2023-12-05 21:12:16,721 Renew the board: 
-------
|X| |X|
-------
| |O|X|
-------
|O| | |
-------

2023-12-05 21:12:16,721 Step 6: O take the turn
2023-12-05 21:12:16,721 Renew the board: 
-------
|X| |X|
-------
|O|O|X|
-------
|O| | |
-------

2023-12-05 21:12:16,721 Step 7: X take the turn
2023-12-05 21:12:16,721 Renew the board: 
-------
|X| |X|
-------
|O|O|X|
-------
|O|X| |
-------

2023-12-05 21:12:16,722 Step 8: O take the turn
2023-12-05 21:12:16,722 Renew the board: 
-------
|X|O|X|
-------
|O|O|X|
-------
|O|X| |
-------

2023-12-05 21:12:16,722 Step 9: X take the turn
2023-12-05 21:12:16,722 Renew the board: 
-------
|X|O|X|
-------
|O|O|X|
-------
|O|X|X|
-------

2023-12-05 21:12:16,739 The winner is: X
