2023-12-05 22:51:40,283 Two player mode
2023-12-05 22:51:40,285 Step 1: X take the turn
2023-12-05 22:51:40,286 Renew the board: 
-------
| |X| |
-------
| | | |
-------
| | | |
-------

2023-12-05 22:51:40,287 Starting point: [0, 1]
2023-12-05 22:51:40,287 Step 2: O take the turn
2023-12-05 22:51:40,287 Renew the board: 
-------
| |X| |
-------
| | | |
-------
| |O| |
-------

2023-12-05 22:51:40,287 Step 3: X take the turn
2023-12-05 22:51:40,287 Renew the board: 
-------
| |X|X|
-------
| | | |
-------
| |O| |
-------

2023-12-05 22:51:40,287 Step 4: O take the turn
2023-12-05 22:51:40,287 Renew the board: 
-------
| |X|X|
-------
| | | |
-------
|O|O| |
-------

2023-12-05 22:51:40,287 Step 5: X take the turn
2023-12-05 22:51:40,287 Renew the board: 
-------
| |X|X|
-------
|X| | |
-------
|O|O| |
-------

2023-12-05 22:51:40,287 Step 6: O take the turn
2023-12-05 22:51:40,288 Renew the board: 
-------
| |X|X|
-------
|X| | |
-------
|O|O|O|
-------

2023-12-05 22:51:40,305 The winner is: O
