2023-11-27 13:57:10,535 Two player mode
2023-11-27 13:57:10,538 Step 1: X take the turn
2023-11-27 13:57:10,538 Renew the board: 
-------
| | | |
-------
|X| | |
-------
| | | |
-------

2023-11-27 13:57:10,539 Step 2: O take the turn
2023-11-27 13:57:10,539 Renew the board: 
-------
| | |O|
-------
|X| | |
-------
| | | |
-------

2023-11-27 13:57:10,539 Step 3: X take the turn
2023-11-27 13:57:10,539 Renew the board: 
-------
| | |O|
-------
|X| |X|
-------
| | | |
-------

2023-11-27 13:57:10,539 Step 4: O take the turn
2023-11-27 13:57:10,539 Renew the board: 
-------
| |O|O|
-------
|X| |X|
-------
| | | |
-------

2023-11-27 13:57:10,539 Step 5: X take the turn
2023-11-27 13:57:10,539 Renew the board: 
-------
|X|O|O|
-------
|X| |X|
-------
| | | |
-------

2023-11-27 13:57:10,539 Step 6: O take the turn
2023-11-27 13:57:10,539 Renew the board: 
-------
|X|O|O|
-------
|X|O|X|
-------
| | | |
-------

2023-11-27 13:57:10,539 Step 7: X take the turn
2023-11-27 13:57:10,540 Renew the board: 
-------
|X|O|O|
-------
|X|O|X|
-------
| | |X|
-------

2023-11-27 13:57:10,540 Step 8: O take the turn
2023-11-27 13:57:10,540 Renew the board: 
-------
|X|O|O|
-------
|X|O|X|
-------
| |O|X|
-------

2023-11-27 13:57:10,543 The winner is: O
