2023-11-27 13:54:25,079 Two player mode
2023-11-27 13:54:25,083 Step 1: X take the turn
2023-11-27 13:54:25,084 Renew the board: 
-------
| | | |
-------
| | | |
-------
| |X| |
-------

2023-11-27 13:54:25,084 Step 2: O take the turn
2023-11-27 13:54:25,084 Renew the board: 
-------
|O| | |
-------
| | | |
-------
| |X| |
-------

2023-11-27 13:54:25,084 Step 3: X take the turn
2023-11-27 13:54:25,084 Renew the board: 
-------
|O| | |
-------
| | |X|
-------
| |X| |
-------

2023-11-27 13:54:25,084 Step 4: O take the turn
2023-11-27 13:54:25,084 Renew the board: 
-------
|O| | |
-------
| | |X|
-------
|O|X| |
-------

2023-11-27 13:54:25,084 Step 5: X take the turn
2023-11-27 13:54:25,085 Renew the board: 
-------
|O| | |
-------
| | |X|
-------
|O|X|X|
-------

2023-11-27 13:54:25,085 Step 6: O take the turn
2023-11-27 13:54:25,085 Renew the board: 
-------
|O| | |
-------
| |O|X|
-------
|O|X|X|
-------

2023-11-27 13:54:25,085 Step 7: X take the turn
2023-11-27 13:54:25,085 Renew the board: 
-------
|O| |X|
-------
| |O|X|
-------
|O|X|X|
-------

2023-11-27 13:54:25,086 The winner is: X
