2023-12-05 21:13:20,819 Two player mode
2023-12-05 21:13:20,824 Step 1: X take the turn
2023-12-05 21:13:20,825 Renew the board: 
-------
|X| | |
-------
| | | |
-------
| | | |
-------

2023-12-05 21:13:20,825 Starting point: [0, 0]
2023-12-05 21:13:20,825 Step 2: O take the turn
2023-12-05 21:13:20,825 Renew the board: 
-------
|X| | |
-------
| | | |
-------
| | |O|
-------

2023-12-05 21:13:20,825 Step 3: X take the turn
2023-12-05 21:13:20,825 Renew the board: 
-------
|X| | |
-------
|X| | |
-------
| | |O|
-------

2023-12-05 21:13:20,825 Step 4: O take the turn
2023-12-05 21:13:20,825 Renew the board: 
-------
|X| | |
-------
|X| | |
-------
| |O|O|
-------

2023-12-05 21:13:20,826 Step 5: X take the turn
2023-12-05 21:13:20,826 Renew the board: 
-------
|X|X| |
-------
|X| | |
-------
| |O|O|
-------

2023-12-05 21:13:20,826 Step 6: O take the turn
2023-12-05 21:13:20,826 Renew the board: 
-------
|X|X| |
-------
|X| |O|
-------
| |O|O|
-------

2023-12-05 21:13:20,826 Step 7: X take the turn
2023-12-05 21:13:20,826 Renew the board: 
-------
|X|X|X|
-------
|X| |O|
-------
| |O|O|
-------

2023-12-05 21:13:20,845 The winner is: X
