2023-11-27 13:56:52,319 Two player mode
2023-11-27 13:56:52,322 Step 1: X take the turn
2023-11-27 13:56:52,324 Renew the board: 
-------
| | | |
-------
|X| | |
-------
| | | |
-------

2023-11-27 13:56:52,324 Step 2: O take the turn
2023-11-27 13:56:52,324 Renew the board: 
-------
| | | |
-------
|X| | |
-------
| |O| |
-------

2023-11-27 13:56:52,324 Step 3: X take the turn
2023-11-27 13:56:52,324 Renew the board: 
-------
| | |X|
-------
|X| | |
-------
| |O| |
-------

2023-11-27 13:56:52,324 Step 4: O take the turn
2023-11-27 13:56:52,324 Renew the board: 
-------
| | |X|
-------
|X| |O|
-------
| |O| |
-------

2023-11-27 13:56:52,325 Step 5: X take the turn
2023-11-27 13:56:52,325 Renew the board: 
-------
| | |X|
-------
|X|X|O|
-------
| |O| |
-------

2023-11-27 13:56:52,325 Step 6: O take the turn
2023-11-27 13:56:52,325 Renew the board: 
-------
| | |X|
-------
|X|X|O|
-------
|O|O| |
-------

2023-11-27 13:56:52,325 Step 7: X take the turn
2023-11-27 13:56:52,325 Renew the board: 
-------
| | |X|
-------
|X|X|O|
-------
|O|O|X|
-------

2023-11-27 13:56:52,325 Step 8: O take the turn
2023-11-27 13:56:52,325 Renew the board: 
-------
|O| |X|
-------
|X|X|O|
-------
|O|O|X|
-------

2023-11-27 13:56:52,325 Step 9: X take the turn
2023-11-27 13:56:52,325 Renew the board: 
-------
|O|X|X|
-------
|X|X|O|
-------
|O|O|X|
-------

2023-11-27 13:56:52,328 Draw!
