2023-11-27 13:54:22,503 Two player mode
2023-11-27 13:54:22,505 Step 1: X take the turn
2023-11-27 13:54:22,505 Renew the board: 
-------
| | | |
-------
| | | |
-------
| |X| |
-------

2023-11-27 13:54:22,505 Step 2: O take the turn
2023-11-27 13:54:22,505 Renew the board: 
-------
| |O| |
-------
| | | |
-------
| |X| |
-------

2023-11-27 13:54:22,505 Step 3: X take the turn
2023-11-27 13:54:22,506 Renew the board: 
-------
| |O| |
-------
| | | |
-------
|X|X| |
-------

2023-11-27 13:54:22,506 Step 4: O take the turn
2023-11-27 13:54:22,506 Renew the board: 
-------
|O|O| |
-------
| | | |
-------
|X|X| |
-------

2023-11-27 13:54:22,506 Step 5: X take the turn
2023-11-27 13:54:22,506 Renew the board: 
-------
|O|O| |
-------
| |X| |
-------
|X|X| |
-------

2023-11-27 13:54:22,506 Step 6: O take the turn
2023-11-27 13:54:22,506 Renew the board: 
-------
|O|O|O|
-------
| |X| |
-------
|X|X| |
-------

2023-11-27 13:54:22,508 The winner is: O
