2023-12-05 21:19:34,515 Two player mode
2023-12-05 21:19:34,517 Step 1: X take the turn
2023-12-05 21:19:34,518 Renew the board: 
-------
| |X| |
-------
| | | |
-------
| | | |
-------

2023-12-05 21:19:34,518 Starting point: [0, 1]
2023-12-05 21:19:34,518 Step 2: O take the turn
2023-12-05 21:19:34,519 Renew the board: 
-------
| |X| |
-------
|O| | |
-------
| | | |
-------

2023-12-05 21:19:34,519 Step 3: X take the turn
2023-12-05 21:19:34,519 Renew the board: 
-------
|X|X| |
-------
|O| | |
-------
| | | |
-------

2023-12-05 21:19:34,519 Step 4: O take the turn
2023-12-05 21:19:34,519 Renew the board: 
-------
|X|X|O|
-------
|O| | |
-------
| | | |
-------

2023-12-05 21:19:34,520 Step 5: X take the turn
2023-12-05 21:19:34,520 Renew the board: 
-------
|X|X|O|
-------
|O| | |
-------
|X| | |
-------

2023-12-05 21:19:34,520 Step 6: O take the turn
2023-12-05 21:19:34,520 Renew the board: 
-------
|X|X|O|
-------
|O|O| |
-------
|X| | |
-------

2023-12-05 21:19:34,520 Step 7: X take the turn
2023-12-05 21:19:34,520 Renew the board: 
-------
|X|X|O|
-------
|O|O|X|
-------
|X| | |
-------

2023-12-05 21:19:34,520 Step 8: O take the turn
2023-12-05 21:19:34,520 Renew the board: 
-------
|X|X|O|
-------
|O|O|X|
-------
|X|O| |
-------

2023-12-05 21:19:34,520 Step 9: X take the turn
2023-12-05 21:19:34,520 Renew the board: 
-------
|X|X|O|
-------
|O|O|X|
-------
|X|O|X|
-------

2023-12-05 21:19:34,535 Draw!
