2023-12-05 21:12:37,895 Two player mode
2023-12-05 21:12:37,897 Step 1: X take the turn
2023-12-05 21:12:37,898 Renew the board: 
-------
| | | |
-------
| | | |
-------
| | |X|
-------

2023-12-05 21:12:37,898 Starting point: [2, 2]
2023-12-05 21:12:37,898 Step 2: O take the turn
2023-12-05 21:12:37,898 Renew the board: 
-------
| | | |
-------
| |O| |
-------
| | |X|
-------

2023-12-05 21:12:37,898 Step 3: X take the turn
2023-12-05 21:12:37,898 Renew the board: 
-------
|X| | |
-------
| |O| |
-------
| | |X|
-------

2023-12-05 21:12:37,899 Step 4: O take the turn
2023-12-05 21:12:37,899 Renew the board: 
-------
|X| | |
-------
| |O| |
-------
|O| |X|
-------

2023-12-05 21:12:37,899 Step 5: X take the turn
2023-12-05 21:12:37,899 Renew the board: 
-------
|X| | |
-------
|X|O| |
-------
|O| |X|
-------

2023-12-05 21:12:37,899 Step 6: O take the turn
2023-12-05 21:12:37,900 Renew the board: 
-------
|X|O| |
-------
|X|O| |
-------
|O| |X|
-------

2023-12-05 21:12:37,900 Step 7: X take the turn
2023-12-05 21:12:37,900 Renew the board: 
-------
|X|O| |
-------
|X|O| |
-------
|O|X|X|
-------

2023-12-05 21:12:37,900 Step 8: O take the turn
2023-12-05 21:12:37,900 Renew the board: 
-------
|X|O|O|
-------
|X|O| |
-------
|O|X|X|
-------

2023-12-05 21:12:37,916 The winner is: O
