2023-12-05 21:10:31,898 Two player mode
2023-12-05 21:10:31,900 Step 1: X take the turn
2023-12-05 21:10:31,901 Renew the board: 
-------
| | | |
-------
| | | |
-------
|X| | |
-------

2023-12-05 21:10:31,901 Starting point: [2, 0]
2023-12-05 21:10:31,901 Step 2: O take the turn
2023-12-05 21:10:31,902 Renew the board: 
-------
| | |O|
-------
| | | |
-------
|X| | |
-------

2023-12-05 21:10:31,902 Step 3: X take the turn
2023-12-05 21:10:31,902 Renew the board: 
-------
|X| |O|
-------
| | | |
-------
|X| | |
-------

2023-12-05 21:10:31,902 Step 4: O take the turn
2023-12-05 21:10:31,902 Renew the board: 
-------
|X| |O|
-------
| |O| |
-------
|X| | |
-------

2023-12-05 21:10:31,903 Step 5: X take the turn
2023-12-05 21:10:31,903 Renew the board: 
-------
|X| |O|
-------
| |O|X|
-------
|X| | |
-------

2023-12-05 21:10:31,903 Step 6: O take the turn
2023-12-05 21:10:31,903 Renew the board: 
-------
|X| |O|
-------
|O|O|X|
-------
|X| | |
-------

2023-12-05 21:10:31,903 Step 7: X take the turn
2023-12-05 21:10:31,904 Renew the board: 
-------
|X| |O|
-------
|O|O|X|
-------
|X|X| |
-------

2023-12-05 21:10:31,904 Step 8: O take the turn
2023-12-05 21:10:31,904 Renew the board: 
-------
|X| |O|
-------
|O|O|X|
-------
|X|X|O|
-------

2023-12-05 21:10:31,904 Step 9: X take the turn
2023-12-05 21:10:31,904 Renew the board: 
-------
|X|X|O|
-------
|O|O|X|
-------
|X|X|O|
-------

2023-12-05 21:10:31,917 Draw!
