2023-12-05 21:11:04,046 Two player mode
2023-12-05 21:11:04,048 Step 1: X take the turn
2023-12-05 21:11:04,050 Renew the board: 
-------
| | |X|
-------
| | | |
-------
| | | |
-------

2023-12-05 21:11:04,051 Starting point: [0, 2]
2023-12-05 21:11:04,051 Step 2: O take the turn
2023-12-05 21:11:04,051 Renew the board: 
-------
| | |X|
-------
| |O| |
-------
| | | |
-------

2023-12-05 21:11:04,051 Step 3: X take the turn
2023-12-05 21:11:04,051 Renew the board: 
-------
| | |X|
-------
|X|O| |
-------
| | | |
-------

2023-12-05 21:11:04,051 Step 4: O take the turn
2023-12-05 21:11:04,051 Renew the board: 
-------
| |O|X|
-------
|X|O| |
-------
| | | |
-------

2023-12-05 21:11:04,052 Step 5: X take the turn
2023-12-05 21:11:04,052 Renew the board: 
-------
| |O|X|
-------
|X|O| |
-------
| | |X|
-------

2023-12-05 21:11:04,052 Step 6: O take the turn
2023-12-05 21:11:04,052 Renew the board: 
-------
| |O|X|
-------
|X|O|O|
-------
| | |X|
-------

2023-12-05 21:11:04,052 Step 7: X take the turn
2023-12-05 21:11:04,052 Renew the board: 
-------
|X|O|X|
-------
|X|O|O|
-------
| | |X|
-------

2023-12-05 21:11:04,053 Step 8: O take the turn
2023-12-05 21:11:04,053 Renew the board: 
-------
|X|O|X|
-------
|X|O|O|
-------
|O| |X|
-------

2023-12-05 21:11:04,053 Step 9: X take the turn
2023-12-05 21:11:04,054 Renew the board: 
-------
|X|O|X|
-------
|X|O|O|
-------
|O|X|X|
-------

2023-12-05 21:11:04,072 Draw!
