2023-12-05 21:11:24,241 Two player mode
2023-12-05 21:11:24,244 Step 1: X take the turn
2023-12-05 21:11:24,244 Renew the board: 
-------
| | |X|
-------
| | | |
-------
| | | |
-------

2023-12-05 21:11:24,245 Starting point: [0, 2]
2023-12-05 21:11:24,245 Step 2: O take the turn
2023-12-05 21:11:24,245 Renew the board: 
-------
|O| |X|
-------
| | | |
-------
| | | |
-------

2023-12-05 21:11:24,245 Step 3: X take the turn
2023-12-05 21:11:24,245 Renew the board: 
-------
|O| |X|
-------
| |X| |
-------
| | | |
-------

2023-12-05 21:11:24,245 Step 4: O take the turn
2023-12-05 21:11:24,246 Renew the board: 
-------
|O|O|X|
-------
| |X| |
-------
| | | |
-------

2023-12-05 21:11:24,246 Step 5: X take the turn
2023-12-05 21:11:24,246 Renew the board: 
-------
|O|O|X|
-------
| |X| |
-------
| |X| |
-------

2023-12-05 21:11:24,246 Step 6: O take the turn
2023-12-05 21:11:24,246 Renew the board: 
-------
|O|O|X|
-------
| |X| |
-------
| |X|O|
-------

2023-12-05 21:11:24,246 Step 7: X take the turn
2023-12-05 21:11:24,246 Renew the board: 
-------
|O|O|X|
-------
| |X| |
-------
|X|X|O|
-------

2023-12-05 21:11:24,267 The winner is: X
