2023-12-05 21:12:19,794 Two player mode
2023-12-05 21:12:19,798 Step 1: X take the turn
2023-12-05 21:12:19,800 Renew the board: 
-------
| | | |
-------
| | | |
-------
|X| | |
-------

2023-12-05 21:12:19,800 Starting point: [2, 0]
2023-12-05 21:12:19,800 Step 2: O take the turn
2023-12-05 21:12:19,800 Renew the board: 
-------
| | | |
-------
| |O| |
-------
|X| | |
-------

2023-12-05 21:12:19,800 Step 3: X take the turn
2023-12-05 21:12:19,801 Renew the board: 
-------
|X| | |
-------
| |O| |
-------
|X| | |
-------

2023-12-05 21:12:19,801 Step 4: O take the turn
2023-12-05 21:12:19,801 Renew the board: 
-------
|X| |O|
-------
| |O| |
-------
|X| | |
-------

2023-12-05 21:12:19,801 Step 5: X take the turn
2023-12-05 21:12:19,802 Renew the board: 
-------
|X| |O|
-------
|X|O| |
-------
|X| | |
-------

2023-12-05 21:12:19,819 The winner is: X
