2023-12-05 21:06:03,338 Two player mode
2023-12-05 21:06:03,341 Step 1: X take the turn
2023-12-05 21:06:03,342 Renew the board: 
-------
|X| | |
-------
| | | |
-------
| | | |
-------

2023-12-05 21:06:03,342 Starting point: [0, 0]
2023-12-05 21:06:03,342 Step 2: O take the turn
2023-12-05 21:06:03,342 Renew the board: 
-------
|X| | |
-------
| | | |
-------
|O| | |
-------

2023-12-05 21:06:03,343 Step 3: X take the turn
2023-12-05 21:06:03,343 Renew the board: 
-------
|X| | |
-------
| |X| |
-------
|O| | |
-------

2023-12-05 21:06:03,343 Step 4: O take the turn
2023-12-05 21:06:03,343 Renew the board: 
-------
|X|O| |
-------
| |X| |
-------
|O| | |
-------

2023-12-05 21:06:03,343 Step 5: X take the turn
2023-12-05 21:06:03,343 Renew the board: 
-------
|X|O| |
-------
| |X| |
-------
|O| |X|
-------

2023-12-05 21:06:03,359 The winner is: X
