2023-12-05 21:12:32,178 Two player mode
2023-12-05 21:12:32,181 Step 1: X take the turn
2023-12-05 21:12:32,181 Renew the board: 
-------
| |X| |
-------
| | | |
-------
| | | |
-------

2023-12-05 21:12:32,182 Starting point: [0, 1]
2023-12-05 21:12:32,182 Step 2: O take the turn
2023-12-05 21:12:32,182 Renew the board: 
-------
|O|X| |
-------
| | | |
-------
| | | |
-------

2023-12-05 21:12:32,182 Step 3: X take the turn
2023-12-05 21:12:32,182 Renew the board: 
-------
|O|X| |
-------
| | | |
-------
| |X| |
-------

2023-12-05 21:12:32,183 Step 4: O take the turn
2023-12-05 21:12:32,183 Renew the board: 
-------
|O|X|O|
-------
| | | |
-------
| |X| |
-------

2023-12-05 21:12:32,183 Step 5: X take the turn
2023-12-05 21:12:32,183 Renew the board: 
-------
|O|X|O|
-------
| |X| |
-------
| |X| |
-------

2023-12-05 21:12:32,201 The winner is: X
