2023-12-05 21:11:14,248 Two player mode
2023-12-05 21:11:14,250 Step 1: X take the turn
2023-12-05 21:11:14,250 Renew the board: 
-------
| | | |
-------
| | |X|
-------
| | | |
-------

2023-12-05 21:11:14,250 Starting point: [1, 2]
2023-12-05 21:11:14,250 Step 2: O take the turn
2023-12-05 21:11:14,250 Renew the board: 
-------
| |O| |
-------
| | |X|
-------
| | | |
-------

2023-12-05 21:11:14,251 Step 3: X take the turn
2023-12-05 21:11:14,251 Renew the board: 
-------
| |O| |
-------
|X| |X|
-------
| | | |
-------

2023-12-05 21:11:14,251 Step 4: O take the turn
2023-12-05 21:11:14,251 Renew the board: 
-------
| |O|O|
-------
|X| |X|
-------
| | | |
-------

2023-12-05 21:11:14,251 Step 5: X take the turn
2023-12-05 21:11:14,251 Renew the board: 
-------
| |O|O|
-------
|X|X|X|
-------
| | | |
-------

2023-12-05 21:11:14,270 The winner is: X
