2023-12-05 21:13:57,784 Two player mode
2023-12-05 21:13:57,786 Step 1: X take the turn
2023-12-05 21:13:57,787 Renew the board: 
-------
| | | |
-------
| | | |
-------
|X| | |
-------

2023-12-05 21:13:57,787 Starting point: [2, 0]
2023-12-05 21:13:57,787 Step 2: O take the turn
2023-12-05 21:13:57,787 Renew the board: 
-------
| |O| |
-------
| | | |
-------
|X| | |
-------

2023-12-05 21:13:57,787 Step 3: X take the turn
2023-12-05 21:13:57,787 Renew the board: 
-------
| |O| |
-------
| | |X|
-------
|X| | |
-------

2023-12-05 21:13:57,788 Step 4: O take the turn
2023-12-05 21:13:57,788 Renew the board: 
-------
| |O| |
-------
| | |X|
-------
|X| |O|
-------

2023-12-05 21:13:57,788 Step 5: X take the turn
2023-12-05 21:13:57,788 Renew the board: 
-------
|X|O| |
-------
| | |X|
-------
|X| |O|
-------

2023-12-05 21:13:57,788 Step 6: O take the turn
2023-12-05 21:13:57,788 Renew the board: 
-------
|X|O|O|
-------
| | |X|
-------
|X| |O|
-------

2023-12-05 21:13:57,788 Step 7: X take the turn
2023-12-05 21:13:57,788 Renew the board: 
-------
|X|O|O|
-------
| | |X|
-------
|X|X|O|
-------

2023-12-05 21:13:57,788 Step 8: O take the turn
2023-12-05 21:13:57,788 Renew the board: 
-------
|X|O|O|
-------
| |O|X|
-------
|X|X|O|
-------

2023-12-05 21:13:57,788 Step 9: X take the turn
2023-12-05 21:13:57,789 Renew the board: 
-------
|X|O|O|
-------
|X|O|X|
-------
|X|X|O|
-------

2023-12-05 21:13:57,806 The winner is: X
