2023-12-05 21:08:42,567 Two player mode
2023-12-05 21:08:42,569 Step 1: X take the turn
2023-12-05 21:08:42,570 Renew the board: 
-------
| | | |
-------
|X| | |
-------
| | | |
-------

2023-12-05 21:08:42,571 Starting point: [1, 0]
2023-12-05 21:08:42,571 Step 2: O take the turn
2023-12-05 21:08:42,571 Renew the board: 
-------
| | | |
-------
|X|O| |
-------
| | | |
-------

2023-12-05 21:08:42,572 Step 3: X take the turn
2023-12-05 21:08:42,572 Renew the board: 
-------
| | | |
-------
|X|O| |
-------
|X| | |
-------

2023-12-05 21:08:42,572 Step 4: O take the turn
2023-12-05 21:08:42,572 Renew the board: 
-------
| | |O|
-------
|X|O| |
-------
|X| | |
-------

2023-12-05 21:08:42,572 Step 5: X take the turn
2023-12-05 21:08:42,572 Renew the board: 
-------
| | |O|
-------
|X|O| |
-------
|X| |X|
-------

2023-12-05 21:08:42,572 Step 6: O take the turn
2023-12-05 21:08:42,572 Renew the board: 
-------
|O| |O|
-------
|X|O| |
-------
|X| |X|
-------

2023-12-05 21:08:42,572 Step 7: X take the turn
2023-12-05 21:08:42,572 Renew the board: 
-------
|O| |O|
-------
|X|O| |
-------
|X|X|X|
-------

2023-12-05 21:08:42,591 The winner is: X
