2023-12-05 21:11:31,355 Two player mode
2023-12-05 21:11:31,357 Step 1: X take the turn
2023-12-05 21:11:31,358 Renew the board: 
-------
| |X| |
-------
| | | |
-------
| | | |
-------

2023-12-05 21:11:31,358 Starting point: [0, 1]
2023-12-05 21:11:31,358 Step 2: O take the turn
2023-12-05 21:11:31,359 Renew the board: 
-------
| |X| |
-------
| | |O|
-------
| | | |
-------

2023-12-05 21:11:31,359 Step 3: X take the turn
2023-12-05 21:11:31,359 Renew the board: 
-------
| |X| |
-------
| | |O|
-------
| | |X|
-------

2023-12-05 21:11:31,359 Step 4: O take the turn
2023-12-05 21:11:31,359 Renew the board: 
-------
| |X| |
-------
| | |O|
-------
| |O|X|
-------

2023-12-05 21:11:31,359 Step 5: X take the turn
2023-12-05 21:11:31,359 Renew the board: 
-------
| |X| |
-------
| |X|O|
-------
| |O|X|
-------

2023-12-05 21:11:31,359 Step 6: O take the turn
2023-12-05 21:11:31,359 Renew the board: 
-------
| |X| |
-------
| |X|O|
-------
|O|O|X|
-------

2023-12-05 21:11:31,359 Step 7: X take the turn
2023-12-05 21:11:31,359 Renew the board: 
-------
| |X| |
-------
|X|X|O|
-------
|O|O|X|
-------

2023-12-05 21:11:31,360 Step 8: O take the turn
2023-12-05 21:11:31,360 Renew the board: 
-------
| |X|O|
-------
|X|X|O|
-------
|O|O|X|
-------

2023-12-05 21:11:31,360 Step 9: X take the turn
2023-12-05 21:11:31,360 Renew the board: 
-------
|X|X|O|
-------
|X|X|O|
-------
|O|O|X|
-------

2023-12-05 21:11:31,376 The winner is: X
