2023-12-05 21:13:40,824 Two player mode
2023-12-05 21:13:40,828 Step 1: X take the turn
2023-12-05 21:13:40,830 Renew the board: 
-------
| | | |
-------
| |X| |
-------
| | | |
-------

2023-12-05 21:13:40,830 Starting point: [1, 1]
2023-12-05 21:13:40,830 Step 2: O take the turn
2023-12-05 21:13:40,830 Renew the board: 
-------
| | | |
-------
| |X|O|
-------
| | | |
-------

2023-12-05 21:13:40,830 Step 3: X take the turn
2023-12-05 21:13:40,831 Renew the board: 
-------
| | | |
-------
| |X|O|
-------
| | |X|
-------

2023-12-05 21:13:40,831 Step 4: O take the turn
2023-12-05 21:13:40,831 Renew the board: 
-------
|O| | |
-------
| |X|O|
-------
| | |X|
-------

2023-12-05 21:13:40,831 Step 5: X take the turn
2023-12-05 21:13:40,831 Renew the board: 
-------
|O| |X|
-------
| |X|O|
-------
| | |X|
-------

2023-12-05 21:13:40,831 Step 6: O take the turn
2023-12-05 21:13:40,831 Renew the board: 
-------
|O| |X|
-------
| |X|O|
-------
|O| |X|
-------

2023-12-05 21:13:40,831 Step 7: X take the turn
2023-12-05 21:13:40,831 Renew the board: 
-------
|O| |X|
-------
| |X|O|
-------
|O|X|X|
-------

2023-12-05 21:13:40,831 Step 8: O take the turn
2023-12-05 21:13:40,831 Renew the board: 
-------
|O|O|X|
-------
| |X|O|
-------
|O|X|X|
-------

2023-12-05 21:13:40,831 Step 9: X take the turn
2023-12-05 21:13:40,832 Renew the board: 
-------
|O|O|X|
-------
|X|X|O|
-------
|O|X|X|
-------

2023-12-05 21:13:40,849 Draw!
