2023-12-05 21:13:10,912 Two player mode
2023-12-05 21:13:10,913 Step 1: X take the turn
2023-12-05 21:13:10,914 Renew the board: 
-------
| | | |
-------
| | |X|
-------
| | | |
-------

2023-12-05 21:13:10,914 Starting point: [1, 2]
2023-12-05 21:13:10,914 Step 2: O take the turn
2023-12-05 21:13:10,914 Renew the board: 
-------
| |O| |
-------
| | |X|
-------
| | | |
-------

2023-12-05 21:13:10,914 Step 3: X take the turn
2023-12-05 21:13:10,915 Renew the board: 
-------
| |O| |
-------
|X| |X|
-------
| | | |
-------

2023-12-05 21:13:10,915 Step 4: O take the turn
2023-12-05 21:13:10,915 Renew the board: 
-------
| |O| |
-------
|X|O|X|
-------
| | | |
-------

2023-12-05 21:13:10,915 Step 5: X take the turn
2023-12-05 21:13:10,915 Renew the board: 
-------
| |O| |
-------
|X|O|X|
-------
|X| | |
-------

2023-12-05 21:13:10,915 Step 6: O take the turn
2023-12-05 21:13:10,915 Renew the board: 
-------
| |O| |
-------
|X|O|X|
-------
|X|O| |
-------

2023-12-05 21:13:10,934 The winner is: O
