2023-12-05 21:13:14,285 Two player mode
2023-12-05 21:13:14,287 Step 1: X take the turn
2023-12-05 21:13:14,288 Renew the board: 
-------
| | | |
-------
| | | |
-------
|X| | |
-------

2023-12-05 21:13:14,288 Starting point: [2, 0]
2023-12-05 21:13:14,288 Step 2: O take the turn
2023-12-05 21:13:14,288 Renew the board: 
-------
| | | |
-------
|O| | |
-------
|X| | |
-------

2023-12-05 21:13:14,289 Step 3: X take the turn
2023-12-05 21:13:14,289 Renew the board: 
-------
| | | |
-------
|O| | |
-------
|X|X| |
-------

2023-12-05 21:13:14,289 Step 4: O take the turn
2023-12-05 21:13:14,289 Renew the board: 
-------
| | | |
-------
|O| | |
-------
|X|X|O|
-------

2023-12-05 21:13:14,289 Step 5: X take the turn
2023-12-05 21:13:14,290 Renew the board: 
-------
| | | |
-------
|O| |X|
-------
|X|X|O|
-------

2023-12-05 21:13:14,290 Step 6: O take the turn
2023-12-05 21:13:14,290 Renew the board: 
-------
| |O| |
-------
|O| |X|
-------
|X|X|O|
-------

2023-12-05 21:13:14,290 Step 7: X take the turn
2023-12-05 21:13:14,291 Renew the board: 
-------
| |O| |
-------
|O|X|X|
-------
|X|X|O|
-------

2023-12-05 21:13:14,291 Step 8: O take the turn
2023-12-05 21:13:14,291 Renew the board: 
-------
|O|O| |
-------
|O|X|X|
-------
|X|X|O|
-------

2023-12-05 21:13:14,291 Step 9: X take the turn
2023-12-05 21:13:14,292 Renew the board: 
-------
|O|O|X|
-------
|O|X|X|
-------
|X|X|O|
-------

2023-12-05 21:13:14,306 The winner is: X
