2023-12-05 21:11:37,751 Two player mode
2023-12-05 21:11:37,753 Step 1: X take the turn
2023-12-05 21:11:37,754 Renew the board: 
-------
| |X| |
-------
| | | |
-------
| | | |
-------

2023-12-05 21:11:37,754 Starting point: [0, 1]
2023-12-05 21:11:37,754 Step 2: O take the turn
2023-12-05 21:11:37,755 Renew the board: 
-------
| |X| |
-------
| | |O|
-------
| | | |
-------

2023-12-05 21:11:37,755 Step 3: X take the turn
2023-12-05 21:11:37,755 Renew the board: 
-------
| |X|X|
-------
| | |O|
-------
| | | |
-------

2023-12-05 21:11:37,755 Step 4: O take the turn
2023-12-05 21:11:37,755 Renew the board: 
-------
| |X|X|
-------
| |O|O|
-------
| | | |
-------

2023-12-05 21:11:37,756 Step 5: X take the turn
2023-12-05 21:11:37,756 Renew the board: 
-------
| |X|X|
-------
|X|O|O|
-------
| | | |
-------

2023-12-05 21:11:37,756 Step 6: O take the turn
2023-12-05 21:11:37,756 Renew the board: 
-------
| |X|X|
-------
|X|O|O|
-------
|O| | |
-------

2023-12-05 21:11:37,756 Step 7: X take the turn
2023-12-05 21:11:37,757 Renew the board: 
-------
| |X|X|
-------
|X|O|O|
-------
|O| |X|
-------

2023-12-05 21:11:37,758 Step 8: O take the turn
2023-12-05 21:11:37,758 Renew the board: 
-------
|O|X|X|
-------
|X|O|O|
-------
|O| |X|
-------

2023-12-05 21:11:37,758 Step 9: X take the turn
2023-12-05 21:11:37,758 Renew the board: 
-------
|O|X|X|
-------
|X|O|O|
-------
|O|X|X|
-------

2023-12-05 21:11:37,769 Draw!
