2023-11-27 13:54:17,054 Two player mode
2023-11-27 13:54:17,057 Step 1: X take the turn
2023-11-27 13:54:17,058 Renew the board: 
-------
| | | |
-------
| | | |
-------
| |X| |
-------

2023-11-27 13:54:17,058 Step 2: O take the turn
2023-11-27 13:54:17,059 Renew the board: 
-------
| | | |
-------
| | |O|
-------
| |X| |
-------

2023-11-27 13:54:17,059 Step 3: X take the turn
2023-11-27 13:54:17,059 Renew the board: 
-------
| | |X|
-------
| | |O|
-------
| |X| |
-------

2023-11-27 13:54:17,059 Step 4: O take the turn
2023-11-27 13:54:17,059 Renew the board: 
-------
| | |X|
-------
| | |O|
-------
|O|X| |
-------

2023-11-27 13:54:17,059 Step 5: X take the turn
2023-11-27 13:54:17,059 Renew the board: 
-------
| | |X|
-------
|X| |O|
-------
|O|X| |
-------

2023-11-27 13:54:17,059 Step 6: O take the turn
2023-11-27 13:54:17,060 Renew the board: 
-------
| | |X|
-------
|X|O|O|
-------
|O|X| |
-------

2023-11-27 13:54:17,060 Step 7: X take the turn
2023-11-27 13:54:17,060 Renew the board: 
-------
| | |X|
-------
|X|O|O|
-------
|O|X|X|
-------

2023-11-27 13:54:17,060 Step 8: O take the turn
2023-11-27 13:54:17,060 Renew the board: 
-------
|O| |X|
-------
|X|O|O|
-------
|O|X|X|
-------

2023-11-27 13:54:17,060 Step 9: X take the turn
2023-11-27 13:54:17,061 Renew the board: 
-------
|O|X|X|
-------
|X|O|O|
-------
|O|X|X|
-------

2023-11-27 13:54:17,062 Draw!
