2023-11-27 13:56:56,948 Two player mode
2023-11-27 13:56:56,951 Step 1: X take the turn
2023-11-27 13:56:56,952 Renew the board: 
-------
| | | |
-------
| | | |
-------
| | |X|
-------

2023-11-27 13:56:56,953 Step 2: O take the turn
2023-11-27 13:56:56,953 Renew the board: 
-------
| | | |
-------
| | |O|
-------
| | |X|
-------

2023-11-27 13:56:56,953 Step 3: X take the turn
2023-11-27 13:56:56,953 Renew the board: 
-------
| | | |
-------
| |X|O|
-------
| | |X|
-------

2023-11-27 13:56:56,954 Step 4: O take the turn
2023-11-27 13:56:56,954 Renew the board: 
-------
| |O| |
-------
| |X|O|
-------
| | |X|
-------

2023-11-27 13:56:56,954 Step 5: X take the turn
2023-11-27 13:56:56,954 Renew the board: 
-------
| |O|X|
-------
| |X|O|
-------
| | |X|
-------

2023-11-27 13:56:56,954 Step 6: O take the turn
2023-11-27 13:56:56,955 Renew the board: 
-------
| |O|X|
-------
|O|X|O|
-------
| | |X|
-------

2023-11-27 13:56:56,955 Step 7: X take the turn
2023-11-27 13:56:56,955 Renew the board: 
-------
| |O|X|
-------
|O|X|O|
-------
| |X|X|
-------

2023-11-27 13:56:56,957 Step 8: O take the turn
2023-11-27 13:56:56,958 Renew the board: 
-------
|O|O|X|
-------
|O|X|O|
-------
| |X|X|
-------

2023-11-27 13:56:56,958 Step 9: X take the turn
2023-11-27 13:56:56,958 Renew the board: 
-------
|O|O|X|
-------
|O|X|O|
-------
|X|X|X|
-------

2023-11-27 13:56:56,962 The winner is: X
