2023-12-05 21:12:28,900 Two player mode
2023-12-05 21:12:28,902 Step 1: X take the turn
2023-12-05 21:12:28,903 Renew the board: 
-------
| | | |
-------
| | | |
-------
| | |X|
-------

2023-12-05 21:12:28,903 Starting point: [2, 2]
2023-12-05 21:12:28,903 Step 2: O take the turn
2023-12-05 21:12:28,903 Renew the board: 
-------
| | | |
-------
| | | |
-------
|O| |X|
-------

2023-12-05 21:12:28,903 Step 3: X take the turn
2023-12-05 21:12:28,903 Renew the board: 
-------
| | | |
-------
| | | |
-------
|O|X|X|
-------

2023-12-05 21:12:28,904 Step 4: O take the turn
2023-12-05 21:12:28,904 Renew the board: 
-------
| | | |
-------
| | |O|
-------
|O|X|X|
-------

2023-12-05 21:12:28,904 Step 5: X take the turn
2023-12-05 21:12:28,904 Renew the board: 
-------
| | | |
-------
|X| |O|
-------
|O|X|X|
-------

2023-12-05 21:12:28,904 Step 6: O take the turn
2023-12-05 21:12:28,904 Renew the board: 
-------
|O| | |
-------
|X| |O|
-------
|O|X|X|
-------

2023-12-05 21:12:28,904 Step 7: X take the turn
2023-12-05 21:12:28,904 Renew the board: 
-------
|O| | |
-------
|X|X|O|
-------
|O|X|X|
-------

2023-12-05 21:12:28,905 Step 8: O take the turn
2023-12-05 21:12:28,905 Renew the board: 
-------
|O| |O|
-------
|X|X|O|
-------
|O|X|X|
-------

2023-12-05 21:12:28,905 Step 9: X take the turn
2023-12-05 21:12:28,905 Renew the board: 
-------
|O|X|O|
-------
|X|X|O|
-------
|O|X|X|
-------

2023-12-05 21:12:28,920 The winner is: X
