2023-12-05 21:12:44,787 Two player mode
2023-12-05 21:12:44,788 Step 1: X take the turn
2023-12-05 21:12:44,789 Renew the board: 
-------
| | |X|
-------
| | | |
-------
| | | |
-------

2023-12-05 21:12:44,789 Starting point: [0, 2]
2023-12-05 21:12:44,789 Step 2: O take the turn
2023-12-05 21:12:44,789 Renew the board: 
-------
| |O|X|
-------
| | | |
-------
| | | |
-------

2023-12-05 21:12:44,789 Step 3: X take the turn
2023-12-05 21:12:44,790 Renew the board: 
-------
| |O|X|
-------
| | | |
-------
| | |X|
-------

2023-12-05 21:12:44,790 Step 4: O take the turn
2023-12-05 21:12:44,790 Renew the board: 
-------
| |O|X|
-------
|O| | |
-------
| | |X|
-------

2023-12-05 21:12:44,790 Step 5: X take the turn
2023-12-05 21:12:44,790 Renew the board: 
-------
| |O|X|
-------
|O| | |
-------
|X| |X|
-------

2023-12-05 21:12:44,790 Step 6: O take the turn
2023-12-05 21:12:44,790 Renew the board: 
-------
| |O|X|
-------
|O| |O|
-------
|X| |X|
-------

2023-12-05 21:12:44,790 Step 7: X take the turn
2023-12-05 21:12:44,791 Renew the board: 
-------
| |O|X|
-------
|O| |O|
-------
|X|X|X|
-------

2023-12-05 21:12:44,809 The winner is: X
