2023-11-27 13:53:14,618 Two player mode
2023-11-27 13:53:14,620 Step 1: X take the turn
2023-11-27 13:53:14,621 Renew the board: 
-------
| | | |
-------
|X| | |
-------
| | | |
-------

2023-11-27 13:53:14,621 Step 2: O take the turn
2023-11-27 13:53:14,621 Renew the board: 
-------
|O| | |
-------
|X| | |
-------
| | | |
-------

2023-11-27 13:53:14,621 Step 3: X take the turn
2023-11-27 13:53:14,621 Renew the board: 
-------
|O| | |
-------
|X| | |
-------
|X| | |
-------

2023-11-27 13:53:14,621 Step 4: O take the turn
2023-11-27 13:53:14,621 Renew the board: 
-------
|O|O| |
-------
|X| | |
-------
|X| | |
-------

2023-11-27 13:53:14,621 Step 5: X take the turn
2023-11-27 13:53:14,622 Renew the board: 
-------
|O|O| |
-------
|X| | |
-------
|X|X| |
-------

2023-11-27 13:53:14,622 Step 6: O take the turn
2023-11-27 13:53:14,622 Renew the board: 
-------
|O|O| |
-------
|X| | |
-------
|X|X|O|
-------

2023-11-27 13:53:14,622 Step 7: X take the turn
2023-11-27 13:53:14,622 Renew the board: 
-------
|O|O|X|
-------
|X| | |
-------
|X|X|O|
-------

2023-11-27 13:53:14,622 Step 8: O take the turn
2023-11-27 13:53:14,622 Renew the board: 
-------
|O|O|X|
-------
|X|O| |
-------
|X|X|O|
-------

2023-11-27 13:53:14,623 The winner is: O
